Using pre-set license
Built from '2022.3/staging' branch; Version is '2022.3.60f1 (5f63fdee6d95) revision 6251517'; Using compiler version '192829333'; Build Type 'Release'
OS: 'Windows 11  (10.0.26100) 64bit Core' Language: 'es' Physical Memory: 32699 MB
BatchMode: 1, IsHumanControllingUs: 0, StartBugReporterOnCrash: 0, Is64bit: 1, IsPro: 1

COMMAND LINE ARGUMENTS:
C:\Program Files\Unity\Hub\Editor\2022.3.60f1\Editor\Unity.exe
-adb2
-batchMode
-noUpm
-name
AssetImportWorker1
-projectPath
E:/aleja/Documents/Unity5/Trabajo_Practico
-logFile
Logs/AssetImportWorker1.log
-srvPort
60981
Successfully changed project path to: E:/aleja/Documents/Unity5/Trabajo_Practico
E:/aleja/Documents/Unity5/Trabajo_Practico
[UnityMemory] Configuration Parameters - Can be set up in boot.config
    "memorysetup-bucket-allocator-granularity=16"
    "memorysetup-bucket-allocator-bucket-count=8"
    "memorysetup-bucket-allocator-block-size=33554432"
    "memorysetup-bucket-allocator-block-count=8"
    "memorysetup-main-allocator-block-size=16777216"
    "memorysetup-thread-allocator-block-size=16777216"
    "memorysetup-gfx-main-allocator-block-size=16777216"
    "memorysetup-gfx-thread-allocator-block-size=16777216"
    "memorysetup-cache-allocator-block-size=4194304"
    "memorysetup-typetree-allocator-block-size=2097152"
    "memorysetup-profiler-bucket-allocator-granularity=16"
    "memorysetup-profiler-bucket-allocator-bucket-count=8"
    "memorysetup-profiler-bucket-allocator-block-size=33554432"
    "memorysetup-profiler-bucket-allocator-block-count=8"
    "memorysetup-profiler-allocator-block-size=16777216"
    "memorysetup-profiler-editor-allocator-block-size=1048576"
    "memorysetup-temp-allocator-size-main=16777216"
    "memorysetup-job-temp-allocator-block-size=2097152"
    "memorysetup-job-temp-allocator-block-size-background=1048576"
    "memorysetup-job-temp-allocator-reduction-small-platforms=262144"
    "memorysetup-allocator-temp-initial-block-size-main=262144"
    "memorysetup-allocator-temp-initial-block-size-worker=262144"
    "memorysetup-temp-allocator-size-background-worker=32768"
    "memorysetup-temp-allocator-size-job-worker=262144"
    "memorysetup-temp-allocator-size-preload-manager=33554432"
    "memorysetup-temp-allocator-size-nav-mesh-worker=65536"
    "memorysetup-temp-allocator-size-audio-worker=65536"
    "memorysetup-temp-allocator-size-cloud-worker=32768"
    "memorysetup-temp-allocator-size-gi-baking-worker=262144"
    "memorysetup-temp-allocator-size-gfx=262144"
Player connection [31040]  Target information:

Player connection [31040]  * "[IP] 192.168.100.4 [Port] 0 [Flags] 2 [Guid] 2591526901 [EditorId] 2591526901 [Version] 1048832 [Id] WindowsEditor(7,EL-ALE-DESKTOP) [Debug] 1 [PackageName] WindowsEditor [ProjectName] Editor" 

Player connection [31040]  * "[IP] 172.30.144.1 [Port] 0 [Flags] 2 [Guid] 2591526901 [EditorId] 2591526901 [Version] 1048832 [Id] WindowsEditor(7,EL-ALE-DESKTOP) [Debug] 1 [PackageName] WindowsEditor [ProjectName] Editor" 

Player connection [31040] Host joined multi-casting on [225.0.0.222:54997]...
Player connection [31040] Host joined alternative multi-casting on [225.0.0.222:34997]...
Input System module state changed to: Initialized.
[PhysX] Initialized MultithreadedTaskDispatcher with 12 workers.
Refreshing native plugins compatible for Editor in 30.40 ms, found 4 plugins.
Preloading 0 native plugins for Editor in 0.00 ms.
Initialize engine version: 2022.3.60f1 (5f63fdee6d95)
[Subsystems] Discovering subsystems at path C:/Program Files/Unity/Hub/Editor/2022.3.60f1/Editor/Data/Resources/UnitySubsystems
[Subsystems] Discovering subsystems at path E:/aleja/Documents/Unity5/Trabajo_Practico/Assets
GfxDevice: creating device client; threaded=0; jobified=0
Direct3D:
    Version:  Direct3D 11.0 [level 11.1]
    Renderer: NVIDIA GeForce GTX 1660 SUPER (ID=0x21c4)
    Vendor:   NVIDIA
    VRAM:     5966 MB
    Driver:   32.0.15.7242
Initialize mono
Mono path[0] = 'C:/Program Files/Unity/Hub/Editor/2022.3.60f1/Editor/Data/Managed'
Mono path[1] = 'C:/Program Files/Unity/Hub/Editor/2022.3.60f1/Editor/Data/MonoBleedingEdge/lib/mono/unityjit-win32'
Mono config path = 'C:/Program Files/Unity/Hub/Editor/2022.3.60f1/Editor/Data/MonoBleedingEdge/etc'
Using monoOptions --debugger-agent=transport=dt_socket,embedding=1,server=y,suspend=n,address=127.0.0.1:56396
Begin MonoManager ReloadAssembly
Registering precompiled unity dll's ...
Register platform support module: C:/Program Files/Unity/Hub/Editor/2022.3.60f1/Editor/Data/PlaybackEngines/AndroidPlayer/UnityEditor.Android.Extensions.dll
Register platform support module: C:/Program Files/Unity/Hub/Editor/2022.3.60f1/Editor/Data/PlaybackEngines/WindowsStandaloneSupport/UnityEditor.WindowsStandalone.Extensions.dll
Registered in 0.012261 seconds.
- Loaded All Assemblies, in  0.446 seconds
Native extension for WindowsStandalone target not found
Native extension for Android target not found
Android Extension - Scanning For ADB Devices 364 ms
Mono: successfully reloaded assembly
- Finished resetting the current domain, in  0.703 seconds
Domain Reload Profiling: 1146ms
	BeginReloadAssembly (124ms)
		ExecutionOrderSort (0ms)
		DisableScriptedObjects (0ms)
		BackupInstance (0ms)
		ReleaseScriptingObjects (0ms)
		CreateAndSetChildDomain (1ms)
	RebuildCommonClasses (44ms)
	RebuildNativeTypeToScriptingClass (12ms)
	initialDomainReloadingComplete (79ms)
	LoadAllAssembliesAndSetupDomain (184ms)
		LoadAssemblies (122ms)
		RebuildTransferFunctionScriptingTraits (0ms)
		AnalyzeDomain (181ms)
			TypeCache.Refresh (179ms)
				TypeCache.ScanAssembly (163ms)
			ScanForSourceGeneratedMonoScriptInfo (0ms)
			ResolveRequiredComponents (1ms)
	FinalizeReload (703ms)
		ReleaseScriptCaches (0ms)
		RebuildScriptCaches (0ms)
		SetupLoadedEditorAssemblies (651ms)
			LogAssemblyErrors (0ms)
			InitializePlatformSupportModulesInManaged (452ms)
			SetLoadedEditorAssemblies (4ms)
			RefreshPlugins (0ms)
			BeforeProcessingInitializeOnLoad (2ms)
			ProcessInitializeOnLoadAttributes (140ms)
			ProcessInitializeOnLoadMethodAttributes (52ms)
			AfterProcessingInitializeOnLoad (0ms)
			EditorAssembliesLoaded (0ms)
		ExecutionOrderSort2 (0ms)
		AwakeInstancesAfterBackupRestoration (0ms)
========================================================================
Worker process is ready to serve import requests
Caller must complete domain reload
0x00007ff7f27042ed (Unity) StackWalker::GetCurrentCallstack
0x00007ff7f27093c9 (Unity) StackWalker::ShowCallstack
0x00007ff7f36ff1d1 (Unity) GetStacktrace
0x00007ff7f3dbc3de (Unity) DebugStringToFile
0x00007ff7f3dbc11a (Unity) AssertImplementation
0x00007ff7f359bfcc (Unity) Internal_ADB_WorkerOnly_DomainReload
0x00007ff7f3a84084 (Unity) WorkerDomainReloadV2
0x00007ff7f3aa4cbf (Unity) <lambda_943be6b2c5671afd01d59371cf3ef730>::operator()
0x00007ff7f3ae0c82 (Unity) asio::detail::completion_handler<core::mutable_function<void __cdecl(void)>,asio::io_context::basic_executor_type<std::allocator<void>,0> >::do_complete
0x00007ff7f3accc2e (Unity) asio::detail::win_iocp_io_context::do_one
0x00007ff7f3ace85e (Unity) asio::detail::win_iocp_io_context::run
0x00007ff7f3adf02c (Unity) IOService::Run
0x00007ff7f3ab248f (Unity) AssetImportWorkerClient::Run
0x00007ff7f3a7dc37 (Unity) RunAssetImportWorkerClientV2
0x00007ff7f3a7dcbb (Unity) RunAssetImporterV2
0x00007ff7f327486e (Unity) Application::InitializeProject
0x00007ff7f3709e85 (Unity) WinMain
0x00007ff7f4adb8de (Unity) __scrt_common_main_seh
0x00007ffdbcaae8d7 (KERNEL32) BaseThreadInitThunk
0x00007ffdbe9114fc (ntdll) RtlUserThreadStart

Begin MonoManager ReloadAssembly
- Loaded All Assemblies, in  0.971 seconds
Native extension for WindowsStandalone target not found
Native extension for Android target not found
Mono: successfully reloaded assembly
Package Manager log level set to [2]
[Package Manager] Server::EnsureServerProcessIsRunning -- launch failed, reason: Unity was launched with the -noUpm command-line argument
[Package Manager] UpmClient::Send -- Unable to send message (not connected to UPM process).
[Package Manager] Cannot connect to Unity Package Manager local server
[Package Manager] Server::EnsureServerProcessIsRunning -- launch failed, reason: Unity was launched with the -noUpm command-line argument
[Package Manager] UpmClient::Send -- Unable to send message (not connected to UPM process).
[Package Manager] Cannot connect to Unity Package Manager local server
- Finished resetting the current domain, in  0.921 seconds
Domain Reload Profiling: 1878ms
	BeginReloadAssembly (178ms)
		ExecutionOrderSort (0ms)
		DisableScriptedObjects (6ms)
		BackupInstance (0ms)
		ReleaseScriptingObjects (0ms)
		CreateAndSetChildDomain (24ms)
	RebuildCommonClasses (41ms)
	RebuildNativeTypeToScriptingClass (14ms)
	initialDomainReloadingComplete (52ms)
	LoadAllAssembliesAndSetupDomain (671ms)
		LoadAssemblies (532ms)
		RebuildTransferFunctionScriptingTraits (0ms)
		AnalyzeDomain (246ms)
			TypeCache.Refresh (209ms)
				TypeCache.ScanAssembly (185ms)
			ScanForSourceGeneratedMonoScriptInfo (30ms)
			ResolveRequiredComponents (6ms)
	FinalizeReload (922ms)
		ReleaseScriptCaches (0ms)
		RebuildScriptCaches (0ms)
		SetupLoadedEditorAssemblies (729ms)
			LogAssemblyErrors (0ms)
			InitializePlatformSupportModulesInManaged (21ms)
			SetLoadedEditorAssemblies (4ms)
			RefreshPlugins (0ms)
			BeforeProcessingInitializeOnLoad (127ms)
			ProcessInitializeOnLoadAttributes (502ms)
			ProcessInitializeOnLoadMethodAttributes (62ms)
			AfterProcessingInitializeOnLoad (13ms)
			EditorAssembliesLoaded (0ms)
		ExecutionOrderSort2 (0ms)
		AwakeInstancesAfterBackupRestoration (9ms)
Launched and connected shader compiler UnityShaderCompiler.exe after 0.06 seconds
Refreshing native plugins compatible for Editor in 25.14 ms, found 4 plugins.
Preloading 0 native plugins for Editor in 0.00 ms.
Unloading 4649 Unused Serialized files (Serialized files now loaded: 0)
Unloading 34 unused Assets / (57.5 KB). Loaded Objects now: 5122.
Memory consumption went from 152.6 MB to 152.5 MB.
Total: 4.420300 ms (FindLiveObjects: 0.509800 ms CreateObjectMapping: 0.446900 ms MarkObjects: 3.348100 ms  DeleteObjects: 0.114500 ms)

AssetImportParameters requested are different than current active one (requested -> active):
  custom:container-demuxer-ogg: 62fdf1f143b41e24485cea50d1cbac27 -> 
  custom:video-codec-MediaFoundation-h265: 746d11721c4dcdbdad8f713fa42b33f4 -> 
  custom:video-decoder-ogg-theora: a1e56fd34408186e4bbccfd4996cb3dc -> 
  custom:framework-win-MediaFoundation: 216162199b28c13a410421893ffa2e32 -> 
  custom:CustomObjectIndexerAttribute: 9a22284fe3817be447336de3de66b15e -> 
  custom:container-demuxer-webm: 4f35f7cbe854078d1ac9338744f61a02 -> 
  custom:container-muxer-webm: aa71ff27fc2769a1b78a27578f13a17b -> 
  custom:video-decoder-webm-vp8: 9c59270c3fd7afecdb556c50c9e8de78 -> 
  custom:SearchIndexIgnoredProperties: e643bd26f0fe6173181afceb89e7c659 -> 
  custom:AudioImporter_EditorPlatform: d09bf68614088b80899f8185d706f6e7 -> 
  custom:video-encoder-webm-vp8: eb34c28f22e8b96e1ab97ce403110664 -> 
  custom:audio-decoder-ogg-vorbis: bf7c407c2cedff20999df2af8eb42d56 -> 
  custom:audio-encoder-webm-vorbis: bf7c407c2cedff20999df2af8eb42d56 -> 
========================================================================
Received Prepare
Caller must complete domain reload
0x00007ff7f27042ed (Unity) StackWalker::GetCurrentCallstack
0x00007ff7f27093c9 (Unity) StackWalker::ShowCallstack
0x00007ff7f36ff1d1 (Unity) GetStacktrace
0x00007ff7f3dbc3de (Unity) DebugStringToFile
0x00007ff7f3dbc11a (Unity) AssertImplementation
0x00007ff7f359bfcc (Unity) Internal_ADB_WorkerOnly_DomainReload
0x00007ff7f3a84084 (Unity) WorkerDomainReloadV2
0x00007ff7f3aa52a5 (Unity) <lambda_b37b41f03089e3cb3f55061bbc93253d>::operator()
0x00007ff7f3ae0c82 (Unity) asio::detail::completion_handler<core::mutable_function<void __cdecl(void)>,asio::io_context::basic_executor_type<std::allocator<void>,0> >::do_complete
0x00007ff7f3accc2e (Unity) asio::detail::win_iocp_io_context::do_one
0x00007ff7f3ace894 (Unity) asio::detail::win_iocp_io_context::run
0x00007ff7f3adf02c (Unity) IOService::Run
0x00007ff7f3ab248f (Unity) AssetImportWorkerClient::Run
0x00007ff7f3a7dc37 (Unity) RunAssetImportWorkerClientV2
0x00007ff7f3a7dcbb (Unity) RunAssetImporterV2
0x00007ff7f327486e (Unity) Application::InitializeProject
0x00007ff7f3709e85 (Unity) WinMain
0x00007ff7f4adb8de (Unity) __scrt_common_main_seh
0x00007ffdbcaae8d7 (KERNEL32) BaseThreadInitThunk
0x00007ffdbe9114fc (ntdll) RtlUserThreadStart

Begin MonoManager ReloadAssembly
- Loaded All Assemblies, in  1.878 seconds
Native extension for WindowsStandalone target not found
Native extension for Android target not found
Mono: successfully reloaded assembly
[Package Manager] Server::EnsureServerProcessIsRunning -- launch failed, reason: Unity was launched with the -noUpm command-line argument
[Package Manager] UpmClient::Send -- Unable to send message (not connected to UPM process).
[Package Manager] Cannot connect to Unity Package Manager local server
- Finished resetting the current domain, in  0.920 seconds
Domain Reload Profiling: 2785ms
	BeginReloadAssembly (1191ms)
		ExecutionOrderSort (0ms)
		DisableScriptedObjects (952ms)
		BackupInstance (0ms)
		ReleaseScriptingObjects (0ms)
		CreateAndSetChildDomain (57ms)
	RebuildCommonClasses (53ms)
	RebuildNativeTypeToScriptingClass (19ms)
	initialDomainReloadingComplete (51ms)
	LoadAllAssembliesAndSetupDomain (551ms)
		LoadAssemblies (634ms)
		RebuildTransferFunctionScriptingTraits (0ms)
		AnalyzeDomain (46ms)
			TypeCache.Refresh (12ms)
				TypeCache.ScanAssembly (0ms)
			ScanForSourceGeneratedMonoScriptInfo (24ms)
			ResolveRequiredComponents (9ms)
	FinalizeReload (921ms)
		ReleaseScriptCaches (0ms)
		RebuildScriptCaches (0ms)
		SetupLoadedEditorAssemblies (674ms)
			LogAssemblyErrors (0ms)
			InitializePlatformSupportModulesInManaged (23ms)
			SetLoadedEditorAssemblies (4ms)
			RefreshPlugins (0ms)
			BeforeProcessingInitializeOnLoad (132ms)
			ProcessInitializeOnLoadAttributes (460ms)
			ProcessInitializeOnLoadMethodAttributes (45ms)
			AfterProcessingInitializeOnLoad (11ms)
			EditorAssembliesLoaded (0ms)
		ExecutionOrderSort2 (0ms)
		AwakeInstancesAfterBackupRestoration (18ms)
Refreshing native plugins compatible for Editor in 36.20 ms, found 4 plugins.
Preloading 0 native plugins for Editor in 0.00 ms.
Unloading 4639 Unused Serialized files (Serialized files now loaded: 0)
Unloading 19 unused Assets / (31.2 KB). Loaded Objects now: 5128.
Memory consumption went from 150.4 MB to 150.3 MB.
Total: 5.203500 ms (FindLiveObjects: 0.929200 ms CreateObjectMapping: 0.365800 ms MarkObjects: 3.858400 ms  DeleteObjects: 0.049100 ms)

Prepare: number of updated asset objects reloaded= 0
AssetImportParameters requested are different than current active one (requested -> active):
  custom:container-demuxer-ogg: 62fdf1f143b41e24485cea50d1cbac27 -> 
  custom:video-codec-MediaFoundation-h265: 746d11721c4dcdbdad8f713fa42b33f4 -> 
  custom:video-decoder-ogg-theora: a1e56fd34408186e4bbccfd4996cb3dc -> 
  custom:framework-win-MediaFoundation: 216162199b28c13a410421893ffa2e32 -> 
  custom:CustomObjectIndexerAttribute: 9a22284fe3817be447336de3de66b15e -> 
  custom:scripting/monoscript/fileName/Touch_handler.cs: a2106c530f17f0e9d01cb2fe87a50595 -> 
  custom:container-demuxer-webm: 4f35f7cbe854078d1ac9338744f61a02 -> 
  custom:container-muxer-webm: aa71ff27fc2769a1b78a27578f13a17b -> 
  custom:video-decoder-webm-vp8: 9c59270c3fd7afecdb556c50c9e8de78 -> 
  custom:SearchIndexIgnoredProperties: e643bd26f0fe6173181afceb89e7c659 -> 
  custom:AudioImporter_EditorPlatform: d09bf68614088b80899f8185d706f6e7 -> 
  custom:video-encoder-webm-vp8: eb34c28f22e8b96e1ab97ce403110664 -> 
  custom:audio-decoder-ogg-vorbis: bf7c407c2cedff20999df2af8eb42d56 -> 
  custom:audio-encoder-webm-vorbis: bf7c407c2cedff20999df2af8eb42d56 -> 
  custom:scripting/precompiled-assembly-types:Assembly-CSharp: 72e6895f22ecf2954427a8fcc9a6846b -> 20cdaaa988618e7c32f4baf96f88c255
========================================================================
Received Import Request.
  Time since last request: 129389.936915 seconds.
  path: Assets/Scripts/Touch_handler.cs
  artifactKey: Guid(9679fec53f6b6424c8fec94c265fb84a) Importer(815301076,1909f56bfc062723c751e8b465ee728b)
Start importing Assets/Scripts/Touch_handler.cs using Guid(9679fec53f6b6424c8fec94c265fb84a) Importer(815301076,1909f56bfc062723c751e8b465ee728b) [PhysX] Initialized MultithreadedTaskDispatcher with 12 workers.
 -> (artifact id: 'ad7b75f776a317f9fed312b3390039f5') in 0.004025 seconds
Number of updated asset objects reloaded before import = 0
Number of asset objects unloaded after import = 0
========================================================================
Received Prepare
Caller must complete domain reload
0x00007ff7f27042ed (Unity) StackWalker::GetCurrentCallstack
0x00007ff7f27093c9 (Unity) StackWalker::ShowCallstack
0x00007ff7f36ff1d1 (Unity) GetStacktrace
0x00007ff7f3dbc3de (Unity) DebugStringToFile
0x00007ff7f3dbc11a (Unity) AssertImplementation
0x00007ff7f359bfcc (Unity) Internal_ADB_WorkerOnly_DomainReload
0x00007ff7f3a84084 (Unity) WorkerDomainReloadV2
0x00007ff7f3aa52a5 (Unity) <lambda_b37b41f03089e3cb3f55061bbc93253d>::operator()
0x00007ff7f3ae0c82 (Unity) asio::detail::completion_handler<core::mutable_function<void __cdecl(void)>,asio::io_context::basic_executor_type<std::allocator<void>,0> >::do_complete
0x00007ff7f3accc2e (Unity) asio::detail::win_iocp_io_context::do_one
0x00007ff7f3ace894 (Unity) asio::detail::win_iocp_io_context::run
0x00007ff7f3adf02c (Unity) IOService::Run
0x00007ff7f3ab248f (Unity) AssetImportWorkerClient::Run
0x00007ff7f3a7dc37 (Unity) RunAssetImportWorkerClientV2
0x00007ff7f3a7dcbb (Unity) RunAssetImporterV2
0x00007ff7f327486e (Unity) Application::InitializeProject
0x00007ff7f3709e85 (Unity) WinMain
0x00007ff7f4adb8de (Unity) __scrt_common_main_seh
0x00007ffdbcaae8d7 (KERNEL32) BaseThreadInitThunk
0x00007ffdbe9114fc (ntdll) RtlUserThreadStart

Begin MonoManager ReloadAssembly
- Loaded All Assemblies, in  0.766 seconds
Native extension for WindowsStandalone target not found
Native extension for Android target not found
Mono: successfully reloaded assembly
[Package Manager] Server::EnsureServerProcessIsRunning -- launch failed, reason: Unity was launched with the -noUpm command-line argument
[Package Manager] UpmClient::Send -- Unable to send message (not connected to UPM process).
[Package Manager] Cannot connect to Unity Package Manager local server
- Finished resetting the current domain, in  1.747 seconds
Domain Reload Profiling: 2499ms
	BeginReloadAssembly (198ms)
		ExecutionOrderSort (0ms)
		DisableScriptedObjects (12ms)
		BackupInstance (0ms)
		ReleaseScriptingObjects (0ms)
		CreateAndSetChildDomain (41ms)
	RebuildCommonClasses (38ms)
	RebuildNativeTypeToScriptingClass (13ms)
	initialDomainReloadingComplete (45ms)
	LoadAllAssembliesAndSetupDomain (458ms)
		LoadAssemblies (516ms)
		RebuildTransferFunctionScriptingTraits (0ms)
		AnalyzeDomain (41ms)
			TypeCache.Refresh (13ms)
				TypeCache.ScanAssembly (0ms)
			ScanForSourceGeneratedMonoScriptInfo (19ms)
			ResolveRequiredComponents (8ms)
	FinalizeReload (1748ms)
		ReleaseScriptCaches (0ms)
		RebuildScriptCaches (0ms)
		SetupLoadedEditorAssemblies (614ms)
			LogAssemblyErrors (0ms)
			InitializePlatformSupportModulesInManaged (20ms)
			SetLoadedEditorAssemblies (4ms)
			RefreshPlugins (0ms)
			BeforeProcessingInitializeOnLoad (128ms)
			ProcessInitializeOnLoadAttributes (416ms)
			ProcessInitializeOnLoadMethodAttributes (37ms)
			AfterProcessingInitializeOnLoad (9ms)
			EditorAssembliesLoaded (0ms)
		ExecutionOrderSort2 (0ms)
		AwakeInstancesAfterBackupRestoration (17ms)
Refreshing native plugins compatible for Editor in 29.08 ms, found 4 plugins.
Preloading 0 native plugins for Editor in 0.00 ms.
Unloading 4638 Unused Serialized files (Serialized files now loaded: 0)
Unloading 19 unused Assets / (31.1 KB). Loaded Objects now: 5132.
Memory consumption went from 150.1 MB to 150.1 MB.
Total: 5.652900 ms (FindLiveObjects: 0.400800 ms CreateObjectMapping: 0.438800 ms MarkObjects: 4.710000 ms  DeleteObjects: 0.101300 ms)

Prepare: number of updated asset objects reloaded= 0
AssetImportParameters requested are different than current active one (requested -> active):
  custom:container-demuxer-ogg: 62fdf1f143b41e24485cea50d1cbac27 -> 
  custom:video-codec-MediaFoundation-h265: 746d11721c4dcdbdad8f713fa42b33f4 -> 
  custom:video-decoder-ogg-theora: a1e56fd34408186e4bbccfd4996cb3dc -> 
  custom:framework-win-MediaFoundation: 216162199b28c13a410421893ffa2e32 -> 
  custom:CustomObjectIndexerAttribute: 9a22284fe3817be447336de3de66b15e -> 
  custom:scripting/monoscript/fileName/Touch_handler.cs: a2106c530f17f0e9d01cb2fe87a50595 -> 
  custom:container-demuxer-webm: 4f35f7cbe854078d1ac9338744f61a02 -> 
  custom:container-muxer-webm: aa71ff27fc2769a1b78a27578f13a17b -> 
  custom:video-decoder-webm-vp8: 9c59270c3fd7afecdb556c50c9e8de78 -> 
  custom:SearchIndexIgnoredProperties: e643bd26f0fe6173181afceb89e7c659 -> 
  custom:AudioImporter_EditorPlatform: d09bf68614088b80899f8185d706f6e7 -> 
  custom:video-encoder-webm-vp8: eb34c28f22e8b96e1ab97ce403110664 -> 
  custom:audio-decoder-ogg-vorbis: bf7c407c2cedff20999df2af8eb42d56 -> 
  custom:audio-encoder-webm-vorbis: bf7c407c2cedff20999df2af8eb42d56 -> 
  custom:scripting/precompiled-assembly-types:Assembly-CSharp: 72e6895f22ecf2954427a8fcc9a6846b -> 20cdaaa988618e7c32f4baf96f88c255
========================================================================
Received Prepare
Caller must complete domain reload
0x00007ff7f27042ed (Unity) StackWalker::GetCurrentCallstack
0x00007ff7f27093c9 (Unity) StackWalker::ShowCallstack
0x00007ff7f36ff1d1 (Unity) GetStacktrace
0x00007ff7f3dbc3de (Unity) DebugStringToFile
0x00007ff7f3dbc11a (Unity) AssertImplementation
0x00007ff7f359bfcc (Unity) Internal_ADB_WorkerOnly_DomainReload
0x00007ff7f3a84084 (Unity) WorkerDomainReloadV2
0x00007ff7f3aa52a5 (Unity) <lambda_b37b41f03089e3cb3f55061bbc93253d>::operator()
0x00007ff7f3ae0c82 (Unity) asio::detail::completion_handler<core::mutable_function<void __cdecl(void)>,asio::io_context::basic_executor_type<std::allocator<void>,0> >::do_complete
0x00007ff7f3accc2e (Unity) asio::detail::win_iocp_io_context::do_one
0x00007ff7f3ace894 (Unity) asio::detail::win_iocp_io_context::run
0x00007ff7f3adf02c (Unity) IOService::Run
0x00007ff7f3ab248f (Unity) AssetImportWorkerClient::Run
0x00007ff7f3a7dc37 (Unity) RunAssetImportWorkerClientV2
0x00007ff7f3a7dcbb (Unity) RunAssetImporterV2
0x00007ff7f327486e (Unity) Application::InitializeProject
0x00007ff7f3709e85 (Unity) WinMain
0x00007ff7f4adb8de (Unity) __scrt_common_main_seh
0x00007ffdbcaae8d7 (KERNEL32) BaseThreadInitThunk
0x00007ffdbe9114fc (ntdll) RtlUserThreadStart

Begin MonoManager ReloadAssembly
- Loaded All Assemblies, in  0.747 seconds
Native extension for WindowsStandalone target not found
Native extension for Android target not found
Mono: successfully reloaded assembly
[Package Manager] Server::EnsureServerProcessIsRunning -- launch failed, reason: Unity was launched with the -noUpm command-line argument
[Package Manager] UpmClient::Send -- Unable to send message (not connected to UPM process).
[Package Manager] Cannot connect to Unity Package Manager local server
- Finished resetting the current domain, in  1.720 seconds
Domain Reload Profiling: 2454ms
	BeginReloadAssembly (193ms)
		ExecutionOrderSort (0ms)
		DisableScriptedObjects (12ms)
		BackupInstance (0ms)
		ReleaseScriptingObjects (0ms)
		CreateAndSetChildDomain (40ms)
	RebuildCommonClasses (38ms)
	RebuildNativeTypeToScriptingClass (13ms)
	initialDomainReloadingComplete (40ms)
	LoadAllAssembliesAndSetupDomain (450ms)
		LoadAssemblies (504ms)
		RebuildTransferFunctionScriptingTraits (0ms)
		AnalyzeDomain (43ms)
			TypeCache.Refresh (11ms)
				TypeCache.ScanAssembly (0ms)
			ScanForSourceGeneratedMonoScriptInfo (23ms)
			ResolveRequiredComponents (7ms)
	FinalizeReload (1720ms)
		ReleaseScriptCaches (0ms)
		RebuildScriptCaches (0ms)
		SetupLoadedEditorAssemblies (585ms)
			LogAssemblyErrors (0ms)
			InitializePlatformSupportModulesInManaged (20ms)
			SetLoadedEditorAssemblies (4ms)
			RefreshPlugins (0ms)
			BeforeProcessingInitializeOnLoad (120ms)
			ProcessInitializeOnLoadAttributes (394ms)
			ProcessInitializeOnLoadMethodAttributes (38ms)
			AfterProcessingInitializeOnLoad (9ms)
			EditorAssembliesLoaded (0ms)
		ExecutionOrderSort2 (0ms)
		AwakeInstancesAfterBackupRestoration (15ms)
Refreshing native plugins compatible for Editor in 25.55 ms, found 4 plugins.
Preloading 0 native plugins for Editor in 0.00 ms.
Unloading 4639 Unused Serialized files (Serialized files now loaded: 0)
Unloading 19 unused Assets / (31.1 KB). Loaded Objects now: 5136.
Memory consumption went from 150.4 MB to 150.4 MB.
Total: 3.632400 ms (FindLiveObjects: 0.371300 ms CreateObjectMapping: 0.368300 ms MarkObjects: 2.845400 ms  DeleteObjects: 0.046500 ms)

Prepare: number of updated asset objects reloaded= 0
AssetImportParameters requested are different than current active one (requested -> active):
  custom:container-demuxer-ogg: 62fdf1f143b41e24485cea50d1cbac27 -> 
  custom:video-codec-MediaFoundation-h265: 746d11721c4dcdbdad8f713fa42b33f4 -> 
  custom:video-decoder-ogg-theora: a1e56fd34408186e4bbccfd4996cb3dc -> 
  custom:framework-win-MediaFoundation: 216162199b28c13a410421893ffa2e32 -> 
  custom:CustomObjectIndexerAttribute: 9a22284fe3817be447336de3de66b15e -> 
  custom:scripting/monoscript/fileName/Touch_handler.cs: a2106c530f17f0e9d01cb2fe87a50595 -> 
  custom:container-demuxer-webm: 4f35f7cbe854078d1ac9338744f61a02 -> 
  custom:container-muxer-webm: aa71ff27fc2769a1b78a27578f13a17b -> 
  custom:video-decoder-webm-vp8: 9c59270c3fd7afecdb556c50c9e8de78 -> 
  custom:SearchIndexIgnoredProperties: e643bd26f0fe6173181afceb89e7c659 -> 
  custom:AudioImporter_EditorPlatform: d09bf68614088b80899f8185d706f6e7 -> 
  custom:video-encoder-webm-vp8: eb34c28f22e8b96e1ab97ce403110664 -> 
  custom:audio-decoder-ogg-vorbis: bf7c407c2cedff20999df2af8eb42d56 -> 
  custom:audio-encoder-webm-vorbis: bf7c407c2cedff20999df2af8eb42d56 -> 
  custom:scripting/precompiled-assembly-types:Assembly-CSharp: 72e6895f22ecf2954427a8fcc9a6846b -> 20cdaaa988618e7c32f4baf96f88c255
========================================================================
Received Prepare
Caller must complete domain reload
0x00007ff7f27042ed (Unity) StackWalker::GetCurrentCallstack
0x00007ff7f27093c9 (Unity) StackWalker::ShowCallstack
0x00007ff7f36ff1d1 (Unity) GetStacktrace
0x00007ff7f3dbc3de (Unity) DebugStringToFile
0x00007ff7f3dbc11a (Unity) AssertImplementation
0x00007ff7f359bfcc (Unity) Internal_ADB_WorkerOnly_DomainReload
0x00007ff7f3a84084 (Unity) WorkerDomainReloadV2
0x00007ff7f3aa52a5 (Unity) <lambda_b37b41f03089e3cb3f55061bbc93253d>::operator()
0x00007ff7f3ae0c82 (Unity) asio::detail::completion_handler<core::mutable_function<void __cdecl(void)>,asio::io_context::basic_executor_type<std::allocator<void>,0> >::do_complete
0x00007ff7f3accc2e (Unity) asio::detail::win_iocp_io_context::do_one
0x00007ff7f3ace894 (Unity) asio::detail::win_iocp_io_context::run
0x00007ff7f3adf02c (Unity) IOService::Run
0x00007ff7f3ab248f (Unity) AssetImportWorkerClient::Run
0x00007ff7f3a7dc37 (Unity) RunAssetImportWorkerClientV2
0x00007ff7f3a7dcbb (Unity) RunAssetImporterV2
0x00007ff7f327486e (Unity) Application::InitializeProject
0x00007ff7f3709e85 (Unity) WinMain
0x00007ff7f4adb8de (Unity) __scrt_common_main_seh
0x00007ffdbcaae8d7 (KERNEL32) BaseThreadInitThunk
0x00007ffdbe9114fc (ntdll) RtlUserThreadStart

Begin MonoManager ReloadAssembly
- Loaded All Assemblies, in  0.787 seconds
Native extension for WindowsStandalone target not found
Native extension for Android target not found
Mono: successfully reloaded assembly
[Package Manager] Server::EnsureServerProcessIsRunning -- launch failed, reason: Unity was launched with the -noUpm command-line argument
[Package Manager] UpmClient::Send -- Unable to send message (not connected to UPM process).
[Package Manager] Cannot connect to Unity Package Manager local server
- Finished resetting the current domain, in  1.766 seconds
Domain Reload Profiling: 2538ms
	BeginReloadAssembly (196ms)
		ExecutionOrderSort (0ms)
		DisableScriptedObjects (13ms)
		BackupInstance (0ms)
		ReleaseScriptingObjects (0ms)
		CreateAndSetChildDomain (43ms)
	RebuildCommonClasses (40ms)
	RebuildNativeTypeToScriptingClass (14ms)
	initialDomainReloadingComplete (48ms)
	LoadAllAssembliesAndSetupDomain (473ms)
		LoadAssemblies (526ms)
		RebuildTransferFunctionScriptingTraits (0ms)
		AnalyzeDomain (44ms)
			TypeCache.Refresh (14ms)
				TypeCache.ScanAssembly (0ms)
			ScanForSourceGeneratedMonoScriptInfo (20ms)
			ResolveRequiredComponents (8ms)
	FinalizeReload (1766ms)
		ReleaseScriptCaches (0ms)
		RebuildScriptCaches (0ms)
		SetupLoadedEditorAssemblies (603ms)
			LogAssemblyErrors (0ms)
			InitializePlatformSupportModulesInManaged (20ms)
			SetLoadedEditorAssemblies (4ms)
			RefreshPlugins (0ms)
			BeforeProcessingInitializeOnLoad (127ms)
			ProcessInitializeOnLoadAttributes (403ms)
			ProcessInitializeOnLoadMethodAttributes (39ms)
			AfterProcessingInitializeOnLoad (10ms)
			EditorAssembliesLoaded (0ms)
		ExecutionOrderSort2 (0ms)
		AwakeInstancesAfterBackupRestoration (16ms)
Refreshing native plugins compatible for Editor in 23.52 ms, found 4 plugins.
Preloading 0 native plugins for Editor in 0.00 ms.
Unloading 4639 Unused Serialized files (Serialized files now loaded: 0)
Unloading 19 unused Assets / (31.1 KB). Loaded Objects now: 5140.
Memory consumption went from 150.4 MB to 150.4 MB.
Total: 4.291000 ms (FindLiveObjects: 0.410800 ms CreateObjectMapping: 0.426300 ms MarkObjects: 3.395500 ms  DeleteObjects: 0.057400 ms)

Prepare: number of updated asset objects reloaded= 0
AssetImportParameters requested are different than current active one (requested -> active):
  custom:container-demuxer-ogg: 62fdf1f143b41e24485cea50d1cbac27 -> 
  custom:video-codec-MediaFoundation-h265: 746d11721c4dcdbdad8f713fa42b33f4 -> 
  custom:video-decoder-ogg-theora: a1e56fd34408186e4bbccfd4996cb3dc -> 
  custom:framework-win-MediaFoundation: 216162199b28c13a410421893ffa2e32 -> 
  custom:CustomObjectIndexerAttribute: 9a22284fe3817be447336de3de66b15e -> 
  custom:scripting/monoscript/fileName/Touch_handler.cs: a2106c530f17f0e9d01cb2fe87a50595 -> 
  custom:container-demuxer-webm: 4f35f7cbe854078d1ac9338744f61a02 -> 
  custom:container-muxer-webm: aa71ff27fc2769a1b78a27578f13a17b -> 
  custom:video-decoder-webm-vp8: 9c59270c3fd7afecdb556c50c9e8de78 -> 
  custom:SearchIndexIgnoredProperties: e643bd26f0fe6173181afceb89e7c659 -> 
  custom:AudioImporter_EditorPlatform: d09bf68614088b80899f8185d706f6e7 -> 
  custom:video-encoder-webm-vp8: eb34c28f22e8b96e1ab97ce403110664 -> 
  custom:audio-decoder-ogg-vorbis: bf7c407c2cedff20999df2af8eb42d56 -> 
  custom:audio-encoder-webm-vorbis: bf7c407c2cedff20999df2af8eb42d56 -> 
  custom:scripting/precompiled-assembly-types:Assembly-CSharp: 72e6895f22ecf2954427a8fcc9a6846b -> 20cdaaa988618e7c32f4baf96f88c255
========================================================================
Received Prepare
Caller must complete domain reload
0x00007ff7f27042ed (Unity) StackWalker::GetCurrentCallstack
0x00007ff7f27093c9 (Unity) StackWalker::ShowCallstack
0x00007ff7f36ff1d1 (Unity) GetStacktrace
0x00007ff7f3dbc3de (Unity) DebugStringToFile
0x00007ff7f3dbc11a (Unity) AssertImplementation
0x00007ff7f359bfcc (Unity) Internal_ADB_WorkerOnly_DomainReload
0x00007ff7f3a84084 (Unity) WorkerDomainReloadV2
0x00007ff7f3aa52a5 (Unity) <lambda_b37b41f03089e3cb3f55061bbc93253d>::operator()
0x00007ff7f3ae0c82 (Unity) asio::detail::completion_handler<core::mutable_function<void __cdecl(void)>,asio::io_context::basic_executor_type<std::allocator<void>,0> >::do_complete
0x00007ff7f3accc2e (Unity) asio::detail::win_iocp_io_context::do_one
0x00007ff7f3ace894 (Unity) asio::detail::win_iocp_io_context::run
0x00007ff7f3adf02c (Unity) IOService::Run
0x00007ff7f3ab248f (Unity) AssetImportWorkerClient::Run
0x00007ff7f3a7dc37 (Unity) RunAssetImportWorkerClientV2
0x00007ff7f3a7dcbb (Unity) RunAssetImporterV2
0x00007ff7f327486e (Unity) Application::InitializeProject
0x00007ff7f3709e85 (Unity) WinMain
0x00007ff7f4adb8de (Unity) __scrt_common_main_seh
0x00007ffdbcaae8d7 (KERNEL32) BaseThreadInitThunk
0x00007ffdbe9114fc (ntdll) RtlUserThreadStart

Begin MonoManager ReloadAssembly
- Loaded All Assemblies, in  0.766 seconds
Native extension for WindowsStandalone target not found
Native extension for Android target not found
Mono: successfully reloaded assembly
[Package Manager] Server::EnsureServerProcessIsRunning -- launch failed, reason: Unity was launched with the -noUpm command-line argument
[Package Manager] UpmClient::Send -- Unable to send message (not connected to UPM process).
[Package Manager] Cannot connect to Unity Package Manager local server
- Finished resetting the current domain, in  1.741 seconds
Domain Reload Profiling: 2496ms
	BeginReloadAssembly (197ms)
		ExecutionOrderSort (0ms)
		DisableScriptedObjects (13ms)
		BackupInstance (0ms)
		ReleaseScriptingObjects (0ms)
		CreateAndSetChildDomain (41ms)
	RebuildCommonClasses (42ms)
	RebuildNativeTypeToScriptingClass (14ms)
	initialDomainReloadingComplete (41ms)
	LoadAllAssembliesAndSetupDomain (460ms)
		LoadAssemblies (514ms)
		RebuildTransferFunctionScriptingTraits (0ms)
		AnalyzeDomain (43ms)
			TypeCache.Refresh (13ms)
				TypeCache.ScanAssembly (0ms)
			ScanForSourceGeneratedMonoScriptInfo (21ms)
			ResolveRequiredComponents (8ms)
	FinalizeReload (1742ms)
		ReleaseScriptCaches (0ms)
		RebuildScriptCaches (0ms)
		SetupLoadedEditorAssemblies (605ms)
			LogAssemblyErrors (0ms)
			InitializePlatformSupportModulesInManaged (21ms)
			SetLoadedEditorAssemblies (4ms)
			RefreshPlugins (0ms)
			BeforeProcessingInitializeOnLoad (127ms)
			ProcessInitializeOnLoadAttributes (405ms)
			ProcessInitializeOnLoadMethodAttributes (38ms)
			AfterProcessingInitializeOnLoad (10ms)
			EditorAssembliesLoaded (0ms)
		ExecutionOrderSort2 (0ms)
		AwakeInstancesAfterBackupRestoration (18ms)
Refreshing native plugins compatible for Editor in 26.34 ms, found 4 plugins.
Preloading 0 native plugins for Editor in 0.00 ms.
Unloading 4639 Unused Serialized files (Serialized files now loaded: 0)
Unloading 19 unused Assets / (31.1 KB). Loaded Objects now: 5144.
Memory consumption went from 150.4 MB to 150.4 MB.
Total: 4.188400 ms (FindLiveObjects: 0.421400 ms CreateObjectMapping: 0.452900 ms MarkObjects: 3.261400 ms  DeleteObjects: 0.051300 ms)

Prepare: number of updated asset objects reloaded= 0
AssetImportParameters requested are different than current active one (requested -> active):
  custom:container-demuxer-ogg: 62fdf1f143b41e24485cea50d1cbac27 -> 
  custom:video-codec-MediaFoundation-h265: 746d11721c4dcdbdad8f713fa42b33f4 -> 
  custom:video-decoder-ogg-theora: a1e56fd34408186e4bbccfd4996cb3dc -> 
  custom:framework-win-MediaFoundation: 216162199b28c13a410421893ffa2e32 -> 
  custom:CustomObjectIndexerAttribute: 9a22284fe3817be447336de3de66b15e -> 
  custom:scripting/monoscript/fileName/Touch_handler.cs: a2106c530f17f0e9d01cb2fe87a50595 -> 
  custom:container-demuxer-webm: 4f35f7cbe854078d1ac9338744f61a02 -> 
  custom:container-muxer-webm: aa71ff27fc2769a1b78a27578f13a17b -> 
  custom:video-decoder-webm-vp8: 9c59270c3fd7afecdb556c50c9e8de78 -> 
  custom:SearchIndexIgnoredProperties: e643bd26f0fe6173181afceb89e7c659 -> 
  custom:AudioImporter_EditorPlatform: d09bf68614088b80899f8185d706f6e7 -> 
  custom:video-encoder-webm-vp8: eb34c28f22e8b96e1ab97ce403110664 -> 
  custom:audio-decoder-ogg-vorbis: bf7c407c2cedff20999df2af8eb42d56 -> 
  custom:audio-encoder-webm-vorbis: bf7c407c2cedff20999df2af8eb42d56 -> 
  custom:scripting/precompiled-assembly-types:Assembly-CSharp: 72e6895f22ecf2954427a8fcc9a6846b -> 20cdaaa988618e7c32f4baf96f88c255
========================================================================
Received Prepare
Caller must complete domain reload
0x00007ff7f27042ed (Unity) StackWalker::GetCurrentCallstack
0x00007ff7f27093c9 (Unity) StackWalker::ShowCallstack
0x00007ff7f36ff1d1 (Unity) GetStacktrace
0x00007ff7f3dbc3de (Unity) DebugStringToFile
0x00007ff7f3dbc11a (Unity) AssertImplementation
0x00007ff7f359bfcc (Unity) Internal_ADB_WorkerOnly_DomainReload
0x00007ff7f3a84084 (Unity) WorkerDomainReloadV2
0x00007ff7f3aa52a5 (Unity) <lambda_b37b41f03089e3cb3f55061bbc93253d>::operator()
0x00007ff7f3ae0c82 (Unity) asio::detail::completion_handler<core::mutable_function<void __cdecl(void)>,asio::io_context::basic_executor_type<std::allocator<void>,0> >::do_complete
0x00007ff7f3accc2e (Unity) asio::detail::win_iocp_io_context::do_one
0x00007ff7f3ace894 (Unity) asio::detail::win_iocp_io_context::run
0x00007ff7f3adf02c (Unity) IOService::Run
0x00007ff7f3ab248f (Unity) AssetImportWorkerClient::Run
0x00007ff7f3a7dc37 (Unity) RunAssetImportWorkerClientV2
0x00007ff7f3a7dcbb (Unity) RunAssetImporterV2
0x00007ff7f327486e (Unity) Application::InitializeProject
0x00007ff7f3709e85 (Unity) WinMain
0x00007ff7f4adb8de (Unity) __scrt_common_main_seh
0x00007ffdbcaae8d7 (KERNEL32) BaseThreadInitThunk
0x00007ffdbe9114fc (ntdll) RtlUserThreadStart

Begin MonoManager ReloadAssembly
- Loaded All Assemblies, in  0.767 seconds
Native extension for WindowsStandalone target not found
Native extension for Android target not found
Mono: successfully reloaded assembly
[Package Manager] Server::EnsureServerProcessIsRunning -- launch failed, reason: Unity was launched with the -noUpm command-line argument
[Package Manager] UpmClient::Send -- Unable to send message (not connected to UPM process).
[Package Manager] Cannot connect to Unity Package Manager local server
- Finished resetting the current domain, in  2.190 seconds
Domain Reload Profiling: 2945ms
	BeginReloadAssembly (214ms)
		ExecutionOrderSort (0ms)
		DisableScriptedObjects (16ms)
		BackupInstance (0ms)
		ReleaseScriptingObjects (0ms)
		CreateAndSetChildDomain (45ms)
	RebuildCommonClasses (38ms)
	RebuildNativeTypeToScriptingClass (12ms)
	initialDomainReloadingComplete (43ms)
	LoadAllAssembliesAndSetupDomain (446ms)
		LoadAssemblies (530ms)
		RebuildTransferFunctionScriptingTraits (0ms)
		AnalyzeDomain (21ms)
			TypeCache.Refresh (10ms)
				TypeCache.ScanAssembly (0ms)
			ScanForSourceGeneratedMonoScriptInfo (0ms)
			ResolveRequiredComponents (8ms)
	FinalizeReload (2191ms)
		ReleaseScriptCaches (0ms)
		RebuildScriptCaches (0ms)
		SetupLoadedEditorAssemblies (753ms)
			LogAssemblyErrors (0ms)
			InitializePlatformSupportModulesInManaged (21ms)
			SetLoadedEditorAssemblies (6ms)
			RefreshPlugins (0ms)
			BeforeProcessingInitializeOnLoad (154ms)
			ProcessInitializeOnLoadAttributes (508ms)
			ProcessInitializeOnLoadMethodAttributes (52ms)
			AfterProcessingInitializeOnLoad (11ms)
			EditorAssembliesLoaded (0ms)
		ExecutionOrderSort2 (0ms)
		AwakeInstancesAfterBackupRestoration (18ms)
Refreshing native plugins compatible for Editor in 32.70 ms, found 4 plugins.
Preloading 0 native plugins for Editor in 0.00 ms.
Unloading 4639 Unused Serialized files (Serialized files now loaded: 0)
Unloading 19 unused Assets / (31.1 KB). Loaded Objects now: 5148.
Memory consumption went from 150.4 MB to 150.4 MB.
Total: 4.977800 ms (FindLiveObjects: 0.385800 ms CreateObjectMapping: 0.497900 ms MarkObjects: 4.003100 ms  DeleteObjects: 0.089200 ms)

Prepare: number of updated asset objects reloaded= 0
AssetImportParameters requested are different than current active one (requested -> active):
  custom:container-demuxer-ogg: 62fdf1f143b41e24485cea50d1cbac27 -> 
  custom:video-codec-MediaFoundation-h265: 746d11721c4dcdbdad8f713fa42b33f4 -> 
  custom:video-decoder-ogg-theora: a1e56fd34408186e4bbccfd4996cb3dc -> 
  custom:framework-win-MediaFoundation: 216162199b28c13a410421893ffa2e32 -> 
  custom:CustomObjectIndexerAttribute: 9a22284fe3817be447336de3de66b15e -> 
  custom:scripting/monoscript/fileName/Touch_handler.cs: a2106c530f17f0e9d01cb2fe87a50595 -> 
  custom:container-demuxer-webm: 4f35f7cbe854078d1ac9338744f61a02 -> 
  custom:container-muxer-webm: aa71ff27fc2769a1b78a27578f13a17b -> 
  custom:video-decoder-webm-vp8: 9c59270c3fd7afecdb556c50c9e8de78 -> 
  custom:SearchIndexIgnoredProperties: e643bd26f0fe6173181afceb89e7c659 -> 
  custom:AudioImporter_EditorPlatform: d09bf68614088b80899f8185d706f6e7 -> 
  custom:video-encoder-webm-vp8: eb34c28f22e8b96e1ab97ce403110664 -> 
  custom:audio-decoder-ogg-vorbis: bf7c407c2cedff20999df2af8eb42d56 -> 
  custom:audio-encoder-webm-vorbis: bf7c407c2cedff20999df2af8eb42d56 -> 
  custom:scripting/precompiled-assembly-types:Assembly-CSharp: 72e6895f22ecf2954427a8fcc9a6846b -> 20cdaaa988618e7c32f4baf96f88c255
========================================================================
Received Prepare
Caller must complete domain reload
0x00007ff7f27042ed (Unity) StackWalker::GetCurrentCallstack
0x00007ff7f27093c9 (Unity) StackWalker::ShowCallstack
0x00007ff7f36ff1d1 (Unity) GetStacktrace
0x00007ff7f3dbc3de (Unity) DebugStringToFile
0x00007ff7f3dbc11a (Unity) AssertImplementation
0x00007ff7f359bfcc (Unity) Internal_ADB_WorkerOnly_DomainReload
0x00007ff7f3a84084 (Unity) WorkerDomainReloadV2
0x00007ff7f3aa52a5 (Unity) <lambda_b37b41f03089e3cb3f55061bbc93253d>::operator()
0x00007ff7f3ae0c82 (Unity) asio::detail::completion_handler<core::mutable_function<void __cdecl(void)>,asio::io_context::basic_executor_type<std::allocator<void>,0> >::do_complete
0x00007ff7f3accc2e (Unity) asio::detail::win_iocp_io_context::do_one
0x00007ff7f3ace894 (Unity) asio::detail::win_iocp_io_context::run
0x00007ff7f3adf02c (Unity) IOService::Run
0x00007ff7f3ab248f (Unity) AssetImportWorkerClient::Run
0x00007ff7f3a7dc37 (Unity) RunAssetImportWorkerClientV2
0x00007ff7f3a7dcbb (Unity) RunAssetImporterV2
0x00007ff7f327486e (Unity) Application::InitializeProject
0x00007ff7f3709e85 (Unity) WinMain
0x00007ff7f4adb8de (Unity) __scrt_common_main_seh
0x00007ffdbcaae8d7 (KERNEL32) BaseThreadInitThunk
0x00007ffdbe9114fc (ntdll) RtlUserThreadStart

Begin MonoManager ReloadAssembly
- Loaded All Assemblies, in  0.781 seconds
Native extension for WindowsStandalone target not found
Native extension for Android target not found
Mono: successfully reloaded assembly
[Package Manager] Server::EnsureServerProcessIsRunning -- launch failed, reason: Unity was launched with the -noUpm command-line argument
[Package Manager] UpmClient::Send -- Unable to send message (not connected to UPM process).
[Package Manager] Cannot connect to Unity Package Manager local server
- Finished resetting the current domain, in  2.001 seconds
Domain Reload Profiling: 2770ms
	BeginReloadAssembly (191ms)
		ExecutionOrderSort (0ms)
		DisableScriptedObjects (12ms)
		BackupInstance (0ms)
		ReleaseScriptingObjects (0ms)
		CreateAndSetChildDomain (39ms)
	RebuildCommonClasses (38ms)
	RebuildNativeTypeToScriptingClass (14ms)
	initialDomainReloadingComplete (45ms)
	LoadAllAssembliesAndSetupDomain (480ms)
		LoadAssemblies (556ms)
		RebuildTransferFunctionScriptingTraits (0ms)
		AnalyzeDomain (19ms)
			TypeCache.Refresh (9ms)
				TypeCache.ScanAssembly (0ms)
			ScanForSourceGeneratedMonoScriptInfo (0ms)
			ResolveRequiredComponents (8ms)
	FinalizeReload (2002ms)
		ReleaseScriptCaches (0ms)
		RebuildScriptCaches (0ms)
		SetupLoadedEditorAssemblies (663ms)
			LogAssemblyErrors (0ms)
			InitializePlatformSupportModulesInManaged (24ms)
			SetLoadedEditorAssemblies (6ms)
			RefreshPlugins (0ms)
			BeforeProcessingInitializeOnLoad (135ms)
			ProcessInitializeOnLoadAttributes (444ms)
			ProcessInitializeOnLoadMethodAttributes (43ms)
			AfterProcessingInitializeOnLoad (10ms)
			EditorAssembliesLoaded (0ms)
		ExecutionOrderSort2 (0ms)
		AwakeInstancesAfterBackupRestoration (18ms)
Refreshing native plugins compatible for Editor in 30.70 ms, found 4 plugins.
Preloading 0 native plugins for Editor in 0.00 ms.
Unloading 4639 Unused Serialized files (Serialized files now loaded: 0)
Unloading 19 unused Assets / (31.1 KB). Loaded Objects now: 5152.
Memory consumption went from 150.4 MB to 150.4 MB.
Total: 3.797200 ms (FindLiveObjects: 0.392200 ms CreateObjectMapping: 0.392900 ms MarkObjects: 2.963400 ms  DeleteObjects: 0.047800 ms)

Prepare: number of updated asset objects reloaded= 0
AssetImportParameters requested are different than current active one (requested -> active):
  custom:container-demuxer-ogg: 62fdf1f143b41e24485cea50d1cbac27 -> 
  custom:video-codec-MediaFoundation-h265: 746d11721c4dcdbdad8f713fa42b33f4 -> 
  custom:video-decoder-ogg-theora: a1e56fd34408186e4bbccfd4996cb3dc -> 
  custom:framework-win-MediaFoundation: 216162199b28c13a410421893ffa2e32 -> 
  custom:CustomObjectIndexerAttribute: 9a22284fe3817be447336de3de66b15e -> 
  custom:scripting/monoscript/fileName/Touch_handler.cs: a2106c530f17f0e9d01cb2fe87a50595 -> 
  custom:container-demuxer-webm: 4f35f7cbe854078d1ac9338744f61a02 -> 
  custom:container-muxer-webm: aa71ff27fc2769a1b78a27578f13a17b -> 
  custom:video-decoder-webm-vp8: 9c59270c3fd7afecdb556c50c9e8de78 -> 
  custom:SearchIndexIgnoredProperties: e643bd26f0fe6173181afceb89e7c659 -> 
  custom:AudioImporter_EditorPlatform: d09bf68614088b80899f8185d706f6e7 -> 
  custom:video-encoder-webm-vp8: eb34c28f22e8b96e1ab97ce403110664 -> 
  custom:audio-decoder-ogg-vorbis: bf7c407c2cedff20999df2af8eb42d56 -> 
  custom:audio-encoder-webm-vorbis: bf7c407c2cedff20999df2af8eb42d56 -> 
  custom:scripting/precompiled-assembly-types:Assembly-CSharp: 72e6895f22ecf2954427a8fcc9a6846b -> 20cdaaa988618e7c32f4baf96f88c255
========================================================================
Received Prepare
Caller must complete domain reload
0x00007ff7f27042ed (Unity) StackWalker::GetCurrentCallstack
0x00007ff7f27093c9 (Unity) StackWalker::ShowCallstack
0x00007ff7f36ff1d1 (Unity) GetStacktrace
0x00007ff7f3dbc3de (Unity) DebugStringToFile
0x00007ff7f3dbc11a (Unity) AssertImplementation
0x00007ff7f359bfcc (Unity) Internal_ADB_WorkerOnly_DomainReload
0x00007ff7f3a84084 (Unity) WorkerDomainReloadV2
0x00007ff7f3aa52a5 (Unity) <lambda_b37b41f03089e3cb3f55061bbc93253d>::operator()
0x00007ff7f3ae0c82 (Unity) asio::detail::completion_handler<core::mutable_function<void __cdecl(void)>,asio::io_context::basic_executor_type<std::allocator<void>,0> >::do_complete
0x00007ff7f3accc2e (Unity) asio::detail::win_iocp_io_context::do_one
0x00007ff7f3ace894 (Unity) asio::detail::win_iocp_io_context::run
0x00007ff7f3adf02c (Unity) IOService::Run
0x00007ff7f3ab248f (Unity) AssetImportWorkerClient::Run
0x00007ff7f3a7dc37 (Unity) RunAssetImportWorkerClientV2
0x00007ff7f3a7dcbb (Unity) RunAssetImporterV2
0x00007ff7f327486e (Unity) Application::InitializeProject
0x00007ff7f3709e85 (Unity) WinMain
0x00007ff7f4adb8de (Unity) __scrt_common_main_seh
0x00007ffdbcaae8d7 (KERNEL32) BaseThreadInitThunk
0x00007ffdbe9114fc (ntdll) RtlUserThreadStart

Begin MonoManager ReloadAssembly
- Loaded All Assemblies, in  1.171 seconds
Native extension for WindowsStandalone target not found
Native extension for Android target not found
Mono: successfully reloaded assembly
[Package Manager] Server::EnsureServerProcessIsRunning -- launch failed, reason: Unity was launched with the -noUpm command-line argument
[Package Manager] UpmClient::Send -- Unable to send message (not connected to UPM process).
[Package Manager] Cannot connect to Unity Package Manager local server
- Finished resetting the current domain, in  2.072 seconds
Domain Reload Profiling: 3225ms
	BeginReloadAssembly (263ms)
		ExecutionOrderSort (0ms)
		DisableScriptedObjects (23ms)
		BackupInstance (0ms)
		ReleaseScriptingObjects (0ms)
		CreateAndSetChildDomain (60ms)
	RebuildCommonClasses (52ms)
	RebuildNativeTypeToScriptingClass (14ms)
	initialDomainReloadingComplete (55ms)
	LoadAllAssembliesAndSetupDomain (768ms)
		LoadAssemblies (684ms)
		RebuildTransferFunctionScriptingTraits (0ms)
		AnalyzeDomain (204ms)
			TypeCache.Refresh (161ms)
				TypeCache.ScanAssembly (140ms)
			ScanForSourceGeneratedMonoScriptInfo (33ms)
			ResolveRequiredComponents (9ms)
	FinalizeReload (2072ms)
		ReleaseScriptCaches (0ms)
		RebuildScriptCaches (0ms)
		SetupLoadedEditorAssemblies (778ms)
			LogAssemblyErrors (0ms)
			InitializePlatformSupportModulesInManaged (25ms)
			SetLoadedEditorAssemblies (5ms)
			RefreshPlugins (0ms)
			BeforeProcessingInitializeOnLoad (144ms)
			ProcessInitializeOnLoadAttributes (546ms)
			ProcessInitializeOnLoadMethodAttributes (47ms)
			AfterProcessingInitializeOnLoad (11ms)
			EditorAssembliesLoaded (0ms)
		ExecutionOrderSort2 (0ms)
		AwakeInstancesAfterBackupRestoration (15ms)
Refreshing native plugins compatible for Editor in 37.94 ms, found 4 plugins.
Preloading 0 native plugins for Editor in 0.00 ms.
Unloading 4639 Unused Serialized files (Serialized files now loaded: 0)
Unloading 19 unused Assets / (31.1 KB). Loaded Objects now: 5156.
Memory consumption went from 150.5 MB to 150.5 MB.
Total: 3.410800 ms (FindLiveObjects: 0.330900 ms CreateObjectMapping: 0.313900 ms MarkObjects: 2.720700 ms  DeleteObjects: 0.044700 ms)

Prepare: number of updated asset objects reloaded= 0
AssetImportParameters requested are different than current active one (requested -> active):
  custom:container-demuxer-ogg: 62fdf1f143b41e24485cea50d1cbac27 -> 
  custom:scripting/precompiled-assembly-types:Unity.PlasticSCM.Editor: 0c8452ea749574dcb5821605c0d383b1 -> 8c2de24d8d9aa08c16713572feafbebe
  custom:video-codec-MediaFoundation-h265: 746d11721c4dcdbdad8f713fa42b33f4 -> 
  custom:video-decoder-ogg-theora: a1e56fd34408186e4bbccfd4996cb3dc -> 
  custom:scripting/precompiled-assembly-types:Unity.2D.Psdimporter.Editor: 8025cd9a6d808d7f753b8e954658b70b -> ed563be6c9b4eabe02cd35dbfcc1f959
  custom:framework-win-MediaFoundation: 216162199b28c13a410421893ffa2e32 -> 
  custom:scripting/precompiled-assembly-types:Unity.Timeline.Editor: b4313fba5652ee5a8449f3ec85f31ae4 -> 534d7c71c4dd9147ea00599cede121e1
  custom:CustomObjectIndexerAttribute: 9a22284fe3817be447336de3de66b15e -> 
  custom:scripting/monoscript/fileName/Touch_handler.cs: a2106c530f17f0e9d01cb2fe87a50595 -> 
  custom:container-demuxer-webm: 4f35f7cbe854078d1ac9338744f61a02 -> 
  custom:container-muxer-webm: aa71ff27fc2769a1b78a27578f13a17b -> 
  custom:video-decoder-webm-vp8: 9c59270c3fd7afecdb556c50c9e8de78 -> 
  custom:SearchIndexIgnoredProperties: e643bd26f0fe6173181afceb89e7c659 -> 
  custom:AudioImporter_EditorPlatform: d09bf68614088b80899f8185d706f6e7 -> 
  custom:scripting/precompiled-assembly-types:Unity.VisualScripting.Core.Editor: 1ac958119c4ad755d50390246b13522a -> 39597c0f3a76e24d87d64afa59c5f88d
  custom:scripting/precompiled-assembly-types:UnityEngine.TestRunner: 7a4d96a0696e29157328c6996c3b82c5 -> f5758234275f5346968d00e3b1a1c0e4
  custom:scripting/precompiled-assembly-types:Unity.InputSystem: 425e8e3443e66c10683923ad018ca623 -> 0518021afe14c99aad7ae36ea6ea8a90
  custom:scripting/precompiled-assembly-types:Unity.2D.Animation.Editor: aacf03663bd822ad22c8cb89387a25e5 -> 9e298d922ee71fa5cbd30bb22b8f952c
  custom:video-encoder-webm-vp8: eb34c28f22e8b96e1ab97ce403110664 -> 
  custom:scripting/precompiled-assembly-types:Unity.AdaptivePerformance.Simulator.Extension: b8be562c9560bbf2165033b96fcdac20 -> 7cb4e94d652a85a2c350f7d0e4d6f3d0
  custom:audio-decoder-ogg-vorbis: bf7c407c2cedff20999df2af8eb42d56 -> 
  custom:audio-encoder-webm-vorbis: bf7c407c2cedff20999df2af8eb42d56 -> 
  custom:scripting/precompiled-assembly-types:Assembly-CSharp: 72e6895f22ecf2954427a8fcc9a6846b -> 20cdaaa988618e7c32f4baf96f88c255
========================================================================
Received Prepare
Caller must complete domain reload
0x00007ff7f27042ed (Unity) StackWalker::GetCurrentCallstack
0x00007ff7f27093c9 (Unity) StackWalker::ShowCallstack
0x00007ff7f36ff1d1 (Unity) GetStacktrace
0x00007ff7f3dbc3de (Unity) DebugStringToFile
0x00007ff7f3dbc11a (Unity) AssertImplementation
0x00007ff7f359bfcc (Unity) Internal_ADB_WorkerOnly_DomainReload
0x00007ff7f3a84084 (Unity) WorkerDomainReloadV2
0x00007ff7f3aa52a5 (Unity) <lambda_b37b41f03089e3cb3f55061bbc93253d>::operator()
0x00007ff7f3ae0c82 (Unity) asio::detail::completion_handler<core::mutable_function<void __cdecl(void)>,asio::io_context::basic_executor_type<std::allocator<void>,0> >::do_complete
0x00007ff7f3accc2e (Unity) asio::detail::win_iocp_io_context::do_one
0x00007ff7f3ace894 (Unity) asio::detail::win_iocp_io_context::run
0x00007ff7f3adf02c (Unity) IOService::Run
0x00007ff7f3ab248f (Unity) AssetImportWorkerClient::Run
0x00007ff7f3a7dc37 (Unity) RunAssetImportWorkerClientV2
0x00007ff7f3a7dcbb (Unity) RunAssetImporterV2
0x00007ff7f327486e (Unity) Application::InitializeProject
0x00007ff7f3709e85 (Unity) WinMain
0x00007ff7f4adb8de (Unity) __scrt_common_main_seh
0x00007ffdbcaae8d7 (KERNEL32) BaseThreadInitThunk
0x00007ffdbe9114fc (ntdll) RtlUserThreadStart

Begin MonoManager ReloadAssembly
- Loaded All Assemblies, in  0.796 seconds
Native extension for WindowsStandalone target not found
Native extension for Android target not found
Mono: successfully reloaded assembly
[Package Manager] Server::EnsureServerProcessIsRunning -- launch failed, reason: Unity was launched with the -noUpm command-line argument
[Package Manager] UpmClient::Send -- Unable to send message (not connected to UPM process).
[Package Manager] Cannot connect to Unity Package Manager local server
- Finished resetting the current domain, in  6.150 seconds
Domain Reload Profiling: 6935ms
	BeginReloadAssembly (203ms)
		ExecutionOrderSort (0ms)
		DisableScriptedObjects (12ms)
		BackupInstance (0ms)
		ReleaseScriptingObjects (0ms)
		CreateAndSetChildDomain (45ms)
	RebuildCommonClasses (40ms)
	RebuildNativeTypeToScriptingClass (15ms)
	initialDomainReloadingComplete (51ms)
	LoadAllAssembliesAndSetupDomain (476ms)
		LoadAssemblies (560ms)
		RebuildTransferFunctionScriptingTraits (0ms)
		AnalyzeDomain (20ms)
			TypeCache.Refresh (8ms)
				TypeCache.ScanAssembly (0ms)
			ScanForSourceGeneratedMonoScriptInfo (0ms)
			ResolveRequiredComponents (10ms)
	FinalizeReload (6151ms)
		ReleaseScriptCaches (0ms)
		RebuildScriptCaches (0ms)
		SetupLoadedEditorAssemblies (3739ms)
			LogAssemblyErrors (0ms)
			InitializePlatformSupportModulesInManaged (32ms)
			SetLoadedEditorAssemblies (12ms)
			RefreshPlugins (0ms)
			BeforeProcessingInitializeOnLoad (194ms)
			ProcessInitializeOnLoadAttributes (3418ms)
			ProcessInitializeOnLoadMethodAttributes (67ms)
			AfterProcessingInitializeOnLoad (16ms)
			EditorAssembliesLoaded (1ms)
		ExecutionOrderSort2 (0ms)
		AwakeInstancesAfterBackupRestoration (32ms)
Refreshing native plugins compatible for Editor in 53.14 ms, found 4 plugins.
Preloading 0 native plugins for Editor in 0.00 ms.
Unloading 4639 Unused Serialized files (Serialized files now loaded: 0)
Unloading 19 unused Assets / (31.2 KB). Loaded Objects now: 5160.
Memory consumption went from 150.5 MB to 150.5 MB.
Total: 6.194000 ms (FindLiveObjects: 0.747400 ms CreateObjectMapping: 0.578000 ms MarkObjects: 4.780400 ms  DeleteObjects: 0.086900 ms)

Prepare: number of updated asset objects reloaded= 0
AssetImportParameters requested are different than current active one (requested -> active):
  custom:container-demuxer-ogg: 62fdf1f143b41e24485cea50d1cbac27 -> 
  custom:scripting/precompiled-assembly-types:Unity.PlasticSCM.Editor: 0c8452ea749574dcb5821605c0d383b1 -> 8c2de24d8d9aa08c16713572feafbebe
  custom:video-codec-MediaFoundation-h265: 746d11721c4dcdbdad8f713fa42b33f4 -> 
  custom:video-decoder-ogg-theora: a1e56fd34408186e4bbccfd4996cb3dc -> 
  custom:scripting/precompiled-assembly-types:Unity.2D.Psdimporter.Editor: 8025cd9a6d808d7f753b8e954658b70b -> ed563be6c9b4eabe02cd35dbfcc1f959
  custom:framework-win-MediaFoundation: 216162199b28c13a410421893ffa2e32 -> 
  custom:scripting/precompiled-assembly-types:Unity.Timeline.Editor: b4313fba5652ee5a8449f3ec85f31ae4 -> 534d7c71c4dd9147ea00599cede121e1
  custom:CustomObjectIndexerAttribute: 9a22284fe3817be447336de3de66b15e -> 
  custom:scripting/monoscript/fileName/Touch_handler.cs: a2106c530f17f0e9d01cb2fe87a50595 -> 
  custom:container-demuxer-webm: 4f35f7cbe854078d1ac9338744f61a02 -> 
  custom:container-muxer-webm: aa71ff27fc2769a1b78a27578f13a17b -> 
  custom:video-decoder-webm-vp8: 9c59270c3fd7afecdb556c50c9e8de78 -> 
  custom:SearchIndexIgnoredProperties: e643bd26f0fe6173181afceb89e7c659 -> 
  custom:AudioImporter_EditorPlatform: d09bf68614088b80899f8185d706f6e7 -> 
  custom:scripting/precompiled-assembly-types:Unity.VisualScripting.Core.Editor: 1ac958119c4ad755d50390246b13522a -> 39597c0f3a76e24d87d64afa59c5f88d
  custom:scripting/precompiled-assembly-types:UnityEngine.TestRunner: 7a4d96a0696e29157328c6996c3b82c5 -> f5758234275f5346968d00e3b1a1c0e4
  custom:scripting/precompiled-assembly-types:Unity.InputSystem: 425e8e3443e66c10683923ad018ca623 -> 0518021afe14c99aad7ae36ea6ea8a90
  custom:scripting/precompiled-assembly-types:Unity.2D.Animation.Editor: aacf03663bd822ad22c8cb89387a25e5 -> 9e298d922ee71fa5cbd30bb22b8f952c
  custom:video-encoder-webm-vp8: eb34c28f22e8b96e1ab97ce403110664 -> 
  custom:scripting/precompiled-assembly-types:Unity.AdaptivePerformance.Simulator.Extension: b8be562c9560bbf2165033b96fcdac20 -> 7cb4e94d652a85a2c350f7d0e4d6f3d0
  custom:audio-decoder-ogg-vorbis: bf7c407c2cedff20999df2af8eb42d56 -> 
  custom:audio-encoder-webm-vorbis: bf7c407c2cedff20999df2af8eb42d56 -> 
  custom:scripting/precompiled-assembly-types:Assembly-CSharp: 72e6895f22ecf2954427a8fcc9a6846b -> 20cdaaa988618e7c32f4baf96f88c255
========================================================================
Received Prepare
Caller must complete domain reload
0x00007ff7f27042ed (Unity) StackWalker::GetCurrentCallstack
0x00007ff7f27093c9 (Unity) StackWalker::ShowCallstack
0x00007ff7f36ff1d1 (Unity) GetStacktrace
0x00007ff7f3dbc3de (Unity) DebugStringToFile
0x00007ff7f3dbc11a (Unity) AssertImplementation
0x00007ff7f359bfcc (Unity) Internal_ADB_WorkerOnly_DomainReload
0x00007ff7f3a84084 (Unity) WorkerDomainReloadV2
0x00007ff7f3aa52a5 (Unity) <lambda_b37b41f03089e3cb3f55061bbc93253d>::operator()
0x00007ff7f3ae0c82 (Unity) asio::detail::completion_handler<core::mutable_function<void __cdecl(void)>,asio::io_context::basic_executor_type<std::allocator<void>,0> >::do_complete
0x00007ff7f3accc2e (Unity) asio::detail::win_iocp_io_context::do_one
0x00007ff7f3ace894 (Unity) asio::detail::win_iocp_io_context::run
0x00007ff7f3adf02c (Unity) IOService::Run
0x00007ff7f3ab248f (Unity) AssetImportWorkerClient::Run
0x00007ff7f3a7dc37 (Unity) RunAssetImportWorkerClientV2
0x00007ff7f3a7dcbb (Unity) RunAssetImporterV2
0x00007ff7f327486e (Unity) Application::InitializeProject
0x00007ff7f3709e85 (Unity) WinMain
0x00007ff7f4adb8de (Unity) __scrt_common_main_seh
0x00007ffdbcaae8d7 (KERNEL32) BaseThreadInitThunk
0x00007ffdbe9114fc (ntdll) RtlUserThreadStart

Begin MonoManager ReloadAssembly
- Loaded All Assemblies, in  0.793 seconds
Native extension for WindowsStandalone target not found
Native extension for Android target not found
Mono: successfully reloaded assembly
[Package Manager] Server::EnsureServerProcessIsRunning -- launch failed, reason: Unity was launched with the -noUpm command-line argument
[Package Manager] UpmClient::Send -- Unable to send message (not connected to UPM process).
[Package Manager] Cannot connect to Unity Package Manager local server
- Finished resetting the current domain, in  2.450 seconds
Domain Reload Profiling: 3228ms
	BeginReloadAssembly (203ms)
		ExecutionOrderSort (0ms)
		DisableScriptedObjects (13ms)
		BackupInstance (0ms)
		ReleaseScriptingObjects (0ms)
		CreateAndSetChildDomain (43ms)
	RebuildCommonClasses (46ms)
	RebuildNativeTypeToScriptingClass (12ms)
	initialDomainReloadingComplete (42ms)
	LoadAllAssembliesAndSetupDomain (474ms)
		LoadAssemblies (556ms)
		RebuildTransferFunctionScriptingTraits (0ms)
		AnalyzeDomain (19ms)
			TypeCache.Refresh (8ms)
				TypeCache.ScanAssembly (0ms)
			ScanForSourceGeneratedMonoScriptInfo (0ms)
			ResolveRequiredComponents (10ms)
	FinalizeReload (2450ms)
		ReleaseScriptCaches (0ms)
		RebuildScriptCaches (0ms)
		SetupLoadedEditorAssemblies (887ms)
			LogAssemblyErrors (0ms)
			InitializePlatformSupportModulesInManaged (29ms)
			SetLoadedEditorAssemblies (7ms)
			RefreshPlugins (0ms)
			BeforeProcessingInitializeOnLoad (171ms)
			ProcessInitializeOnLoadAttributes (615ms)
			ProcessInitializeOnLoadMethodAttributes (52ms)
			AfterProcessingInitializeOnLoad (12ms)
			EditorAssembliesLoaded (1ms)
		ExecutionOrderSort2 (0ms)
		AwakeInstancesAfterBackupRestoration (24ms)
Refreshing native plugins compatible for Editor in 41.91 ms, found 4 plugins.
Preloading 0 native plugins for Editor in 0.00 ms.
Unloading 4639 Unused Serialized files (Serialized files now loaded: 0)
Unloading 19 unused Assets / (31.2 KB). Loaded Objects now: 5164.
Memory consumption went from 150.5 MB to 150.5 MB.
Total: 9.238400 ms (FindLiveObjects: 0.712000 ms CreateObjectMapping: 0.706800 ms MarkObjects: 7.713300 ms  DeleteObjects: 0.105000 ms)

Prepare: number of updated asset objects reloaded= 0
AssetImportParameters requested are different than current active one (requested -> active):
  custom:container-demuxer-ogg: 62fdf1f143b41e24485cea50d1cbac27 -> 
  custom:scripting/precompiled-assembly-types:Unity.PlasticSCM.Editor: 0c8452ea749574dcb5821605c0d383b1 -> 8c2de24d8d9aa08c16713572feafbebe
  custom:video-codec-MediaFoundation-h265: 746d11721c4dcdbdad8f713fa42b33f4 -> 
  custom:video-decoder-ogg-theora: a1e56fd34408186e4bbccfd4996cb3dc -> 
  custom:scripting/precompiled-assembly-types:Unity.2D.Psdimporter.Editor: 8025cd9a6d808d7f753b8e954658b70b -> ed563be6c9b4eabe02cd35dbfcc1f959
  custom:framework-win-MediaFoundation: 216162199b28c13a410421893ffa2e32 -> 
  custom:scripting/precompiled-assembly-types:Unity.Timeline.Editor: b4313fba5652ee5a8449f3ec85f31ae4 -> 534d7c71c4dd9147ea00599cede121e1
  custom:CustomObjectIndexerAttribute: 9a22284fe3817be447336de3de66b15e -> 
  custom:scripting/monoscript/fileName/Touch_handler.cs: a2106c530f17f0e9d01cb2fe87a50595 -> 
  custom:container-demuxer-webm: 4f35f7cbe854078d1ac9338744f61a02 -> 
  custom:container-muxer-webm: aa71ff27fc2769a1b78a27578f13a17b -> 
  custom:video-decoder-webm-vp8: 9c59270c3fd7afecdb556c50c9e8de78 -> 
  custom:SearchIndexIgnoredProperties: e643bd26f0fe6173181afceb89e7c659 -> 
  custom:AudioImporter_EditorPlatform: d09bf68614088b80899f8185d706f6e7 -> 
  custom:scripting/precompiled-assembly-types:Unity.VisualScripting.Core.Editor: 1ac958119c4ad755d50390246b13522a -> 39597c0f3a76e24d87d64afa59c5f88d
  custom:scripting/precompiled-assembly-types:UnityEngine.TestRunner: 7a4d96a0696e29157328c6996c3b82c5 -> f5758234275f5346968d00e3b1a1c0e4
  custom:scripting/precompiled-assembly-types:Unity.InputSystem: 425e8e3443e66c10683923ad018ca623 -> 0518021afe14c99aad7ae36ea6ea8a90
  custom:scripting/precompiled-assembly-types:Unity.2D.Animation.Editor: aacf03663bd822ad22c8cb89387a25e5 -> 9e298d922ee71fa5cbd30bb22b8f952c
  custom:video-encoder-webm-vp8: eb34c28f22e8b96e1ab97ce403110664 -> 
  custom:scripting/precompiled-assembly-types:Unity.AdaptivePerformance.Simulator.Extension: b8be562c9560bbf2165033b96fcdac20 -> 7cb4e94d652a85a2c350f7d0e4d6f3d0
  custom:audio-decoder-ogg-vorbis: bf7c407c2cedff20999df2af8eb42d56 -> 
  custom:audio-encoder-webm-vorbis: bf7c407c2cedff20999df2af8eb42d56 -> 
  custom:scripting/precompiled-assembly-types:Assembly-CSharp: 72e6895f22ecf2954427a8fcc9a6846b -> 20cdaaa988618e7c32f4baf96f88c255
========================================================================
Received Prepare
Caller must complete domain reload
0x00007ff7f27042ed (Unity) StackWalker::GetCurrentCallstack
0x00007ff7f27093c9 (Unity) StackWalker::ShowCallstack
0x00007ff7f36ff1d1 (Unity) GetStacktrace
0x00007ff7f3dbc3de (Unity) DebugStringToFile
0x00007ff7f3dbc11a (Unity) AssertImplementation
0x00007ff7f359bfcc (Unity) Internal_ADB_WorkerOnly_DomainReload
0x00007ff7f3a84084 (Unity) WorkerDomainReloadV2
0x00007ff7f3aa52a5 (Unity) <lambda_b37b41f03089e3cb3f55061bbc93253d>::operator()
0x00007ff7f3ae0c82 (Unity) asio::detail::completion_handler<core::mutable_function<void __cdecl(void)>,asio::io_context::basic_executor_type<std::allocator<void>,0> >::do_complete
0x00007ff7f3accc2e (Unity) asio::detail::win_iocp_io_context::do_one
0x00007ff7f3ace894 (Unity) asio::detail::win_iocp_io_context::run
0x00007ff7f3adf02c (Unity) IOService::Run
0x00007ff7f3ab248f (Unity) AssetImportWorkerClient::Run
0x00007ff7f3a7dc37 (Unity) RunAssetImportWorkerClientV2
0x00007ff7f3a7dcbb (Unity) RunAssetImporterV2
0x00007ff7f327486e (Unity) Application::InitializeProject
0x00007ff7f3709e85 (Unity) WinMain
0x00007ff7f4adb8de (Unity) __scrt_common_main_seh
0x00007ffdbcaae8d7 (KERNEL32) BaseThreadInitThunk
0x00007ffdbe9114fc (ntdll) RtlUserThreadStart

Begin MonoManager ReloadAssembly
- Loaded All Assemblies, in  0.917 seconds
Native extension for WindowsStandalone target not found
Native extension for Android target not found
Mono: successfully reloaded assembly
[Package Manager] Server::EnsureServerProcessIsRunning -- launch failed, reason: Unity was launched with the -noUpm command-line argument
[Package Manager] UpmClient::Send -- Unable to send message (not connected to UPM process).
[Package Manager] Cannot connect to Unity Package Manager local server
- Finished resetting the current domain, in  2.318 seconds
Domain Reload Profiling: 3223ms
	BeginReloadAssembly (236ms)
		ExecutionOrderSort (0ms)
		DisableScriptedObjects (14ms)
		BackupInstance (0ms)
		ReleaseScriptingObjects (0ms)
		CreateAndSetChildDomain (52ms)
	RebuildCommonClasses (48ms)
	RebuildNativeTypeToScriptingClass (18ms)
	initialDomainReloadingComplete (55ms)
	LoadAllAssembliesAndSetupDomain (547ms)
		LoadAssemblies (618ms)
		RebuildTransferFunctionScriptingTraits (0ms)
		AnalyzeDomain (55ms)
			TypeCache.Refresh (13ms)
				TypeCache.ScanAssembly (0ms)
			ScanForSourceGeneratedMonoScriptInfo (29ms)
			ResolveRequiredComponents (10ms)
	FinalizeReload (2319ms)
		ReleaseScriptCaches (0ms)
		RebuildScriptCaches (0ms)
		SetupLoadedEditorAssemblies (768ms)
			LogAssemblyErrors (0ms)
			InitializePlatformSupportModulesInManaged (28ms)
			SetLoadedEditorAssemblies (8ms)
			RefreshPlugins (0ms)
			BeforeProcessingInitializeOnLoad (168ms)
			ProcessInitializeOnLoadAttributes (502ms)
			ProcessInitializeOnLoadMethodAttributes (50ms)
			AfterProcessingInitializeOnLoad (11ms)
			EditorAssembliesLoaded (0ms)
		ExecutionOrderSort2 (0ms)
		AwakeInstancesAfterBackupRestoration (21ms)
Refreshing native plugins compatible for Editor in 37.66 ms, found 4 plugins.
Preloading 0 native plugins for Editor in 0.00 ms.
Unloading 4639 Unused Serialized files (Serialized files now loaded: 0)
Unloading 19 unused Assets / (31.2 KB). Loaded Objects now: 5168.
Memory consumption went from 150.5 MB to 150.5 MB.
Total: 4.438100 ms (FindLiveObjects: 0.395500 ms CreateObjectMapping: 0.373300 ms MarkObjects: 3.611300 ms  DeleteObjects: 0.056500 ms)

Prepare: number of updated asset objects reloaded= 0
AssetImportParameters requested are different than current active one (requested -> active):
  custom:container-demuxer-ogg: 62fdf1f143b41e24485cea50d1cbac27 -> 
  custom:scripting/precompiled-assembly-types:Unity.PlasticSCM.Editor: 0c8452ea749574dcb5821605c0d383b1 -> 8c2de24d8d9aa08c16713572feafbebe
  custom:video-codec-MediaFoundation-h265: 746d11721c4dcdbdad8f713fa42b33f4 -> 
  custom:video-decoder-ogg-theora: a1e56fd34408186e4bbccfd4996cb3dc -> 
  custom:scripting/precompiled-assembly-types:Unity.2D.Psdimporter.Editor: 8025cd9a6d808d7f753b8e954658b70b -> ed563be6c9b4eabe02cd35dbfcc1f959
  custom:framework-win-MediaFoundation: 216162199b28c13a410421893ffa2e32 -> 
  custom:scripting/precompiled-assembly-types:Unity.Timeline.Editor: b4313fba5652ee5a8449f3ec85f31ae4 -> 534d7c71c4dd9147ea00599cede121e1
  custom:CustomObjectIndexerAttribute: 9a22284fe3817be447336de3de66b15e -> 
  custom:scripting/monoscript/fileName/Touch_handler.cs: a2106c530f17f0e9d01cb2fe87a50595 -> 
  custom:container-demuxer-webm: 4f35f7cbe854078d1ac9338744f61a02 -> 
  custom:container-muxer-webm: aa71ff27fc2769a1b78a27578f13a17b -> 
  custom:video-decoder-webm-vp8: 9c59270c3fd7afecdb556c50c9e8de78 -> 
  custom:SearchIndexIgnoredProperties: e643bd26f0fe6173181afceb89e7c659 -> 
  custom:AudioImporter_EditorPlatform: d09bf68614088b80899f8185d706f6e7 -> 
  custom:scripting/precompiled-assembly-types:Unity.VisualScripting.Core.Editor: 1ac958119c4ad755d50390246b13522a -> 39597c0f3a76e24d87d64afa59c5f88d
  custom:scripting/precompiled-assembly-types:UnityEngine.TestRunner: 7a4d96a0696e29157328c6996c3b82c5 -> f5758234275f5346968d00e3b1a1c0e4
  custom:scripting/precompiled-assembly-types:Unity.InputSystem: 425e8e3443e66c10683923ad018ca623 -> 0518021afe14c99aad7ae36ea6ea8a90
  custom:scripting/precompiled-assembly-types:Unity.2D.Animation.Editor: aacf03663bd822ad22c8cb89387a25e5 -> 9e298d922ee71fa5cbd30bb22b8f952c
  custom:video-encoder-webm-vp8: eb34c28f22e8b96e1ab97ce403110664 -> 
  custom:scripting/precompiled-assembly-types:Unity.AdaptivePerformance.Simulator.Extension: b8be562c9560bbf2165033b96fcdac20 -> 7cb4e94d652a85a2c350f7d0e4d6f3d0
  custom:audio-decoder-ogg-vorbis: bf7c407c2cedff20999df2af8eb42d56 -> 
  custom:audio-encoder-webm-vorbis: bf7c407c2cedff20999df2af8eb42d56 -> 
  custom:scripting/precompiled-assembly-types:Assembly-CSharp: 72e6895f22ecf2954427a8fcc9a6846b -> 20cdaaa988618e7c32f4baf96f88c255
========================================================================
Received Prepare
Caller must complete domain reload
0x00007ff7f27042ed (Unity) StackWalker::GetCurrentCallstack
0x00007ff7f27093c9 (Unity) StackWalker::ShowCallstack
0x00007ff7f36ff1d1 (Unity) GetStacktrace
0x00007ff7f3dbc3de (Unity) DebugStringToFile
0x00007ff7f3dbc11a (Unity) AssertImplementation
0x00007ff7f359bfcc (Unity) Internal_ADB_WorkerOnly_DomainReload
0x00007ff7f3a84084 (Unity) WorkerDomainReloadV2
0x00007ff7f3aa52a5 (Unity) <lambda_b37b41f03089e3cb3f55061bbc93253d>::operator()
0x00007ff7f3ae0c82 (Unity) asio::detail::completion_handler<core::mutable_function<void __cdecl(void)>,asio::io_context::basic_executor_type<std::allocator<void>,0> >::do_complete
0x00007ff7f3accc2e (Unity) asio::detail::win_iocp_io_context::do_one
0x00007ff7f3ace894 (Unity) asio::detail::win_iocp_io_context::run
0x00007ff7f3adf02c (Unity) IOService::Run
0x00007ff7f3ab248f (Unity) AssetImportWorkerClient::Run
0x00007ff7f3a7dc37 (Unity) RunAssetImportWorkerClientV2
0x00007ff7f3a7dcbb (Unity) RunAssetImporterV2
0x00007ff7f327486e (Unity) Application::InitializeProject
0x00007ff7f3709e85 (Unity) WinMain
0x00007ff7f4adb8de (Unity) __scrt_common_main_seh
0x00007ffdbcaae8d7 (KERNEL32) BaseThreadInitThunk
0x00007ffdbe9114fc (ntdll) RtlUserThreadStart

Begin MonoManager ReloadAssembly
- Loaded All Assemblies, in  0.886 seconds
Native extension for WindowsStandalone target not found
Native extension for Android target not found
Mono: successfully reloaded assembly
[Package Manager] Server::EnsureServerProcessIsRunning -- launch failed, reason: Unity was launched with the -noUpm command-line argument
[Package Manager] UpmClient::Send -- Unable to send message (not connected to UPM process).
[Package Manager] Cannot connect to Unity Package Manager local server
- Finished resetting the current domain, in  2.319 seconds
Domain Reload Profiling: 3190ms
	BeginReloadAssembly (219ms)
		ExecutionOrderSort (0ms)
		DisableScriptedObjects (17ms)
		BackupInstance (0ms)
		ReleaseScriptingObjects (0ms)
		CreateAndSetChildDomain (49ms)
	RebuildCommonClasses (45ms)
	RebuildNativeTypeToScriptingClass (14ms)
	initialDomainReloadingComplete (46ms)
	LoadAllAssembliesAndSetupDomain (544ms)
		LoadAssemblies (599ms)
		RebuildTransferFunctionScriptingTraits (0ms)
		AnalyzeDomain (54ms)
			TypeCache.Refresh (14ms)
				TypeCache.ScanAssembly (0ms)
			ScanForSourceGeneratedMonoScriptInfo (27ms)
			ResolveRequiredComponents (10ms)
	FinalizeReload (2320ms)
		ReleaseScriptCaches (0ms)
		RebuildScriptCaches (0ms)
		SetupLoadedEditorAssemblies (811ms)
			LogAssemblyErrors (0ms)
			InitializePlatformSupportModulesInManaged (27ms)
			SetLoadedEditorAssemblies (8ms)
			RefreshPlugins (0ms)
			BeforeProcessingInitializeOnLoad (182ms)
			ProcessInitializeOnLoadAttributes (528ms)
			ProcessInitializeOnLoadMethodAttributes (52ms)
			AfterProcessingInitializeOnLoad (14ms)
			EditorAssembliesLoaded (0ms)
		ExecutionOrderSort2 (0ms)
		AwakeInstancesAfterBackupRestoration (23ms)
Refreshing native plugins compatible for Editor in 38.49 ms, found 4 plugins.
Preloading 0 native plugins for Editor in 0.00 ms.
Unloading 4639 Unused Serialized files (Serialized files now loaded: 0)
Unloading 19 unused Assets / (31.2 KB). Loaded Objects now: 5172.
Memory consumption went from 150.5 MB to 150.5 MB.
Total: 5.414300 ms (FindLiveObjects: 0.442100 ms CreateObjectMapping: 0.483000 ms MarkObjects: 4.418900 ms  DeleteObjects: 0.069300 ms)

Prepare: number of updated asset objects reloaded= 0
AssetImportParameters requested are different than current active one (requested -> active):
  custom:container-demuxer-ogg: 62fdf1f143b41e24485cea50d1cbac27 -> 
  custom:scripting/precompiled-assembly-types:Unity.PlasticSCM.Editor: 0c8452ea749574dcb5821605c0d383b1 -> 8c2de24d8d9aa08c16713572feafbebe
  custom:video-codec-MediaFoundation-h265: 746d11721c4dcdbdad8f713fa42b33f4 -> 
  custom:video-decoder-ogg-theora: a1e56fd34408186e4bbccfd4996cb3dc -> 
  custom:scripting/precompiled-assembly-types:Unity.2D.Psdimporter.Editor: 8025cd9a6d808d7f753b8e954658b70b -> ed563be6c9b4eabe02cd35dbfcc1f959
  custom:framework-win-MediaFoundation: 216162199b28c13a410421893ffa2e32 -> 
  custom:scripting/precompiled-assembly-types:Unity.Timeline.Editor: b4313fba5652ee5a8449f3ec85f31ae4 -> 534d7c71c4dd9147ea00599cede121e1
  custom:CustomObjectIndexerAttribute: 9a22284fe3817be447336de3de66b15e -> 
  custom:scripting/monoscript/fileName/Touch_handler.cs: a2106c530f17f0e9d01cb2fe87a50595 -> 
  custom:container-demuxer-webm: 4f35f7cbe854078d1ac9338744f61a02 -> 
  custom:container-muxer-webm: aa71ff27fc2769a1b78a27578f13a17b -> 
  custom:video-decoder-webm-vp8: 9c59270c3fd7afecdb556c50c9e8de78 -> 
  custom:SearchIndexIgnoredProperties: e643bd26f0fe6173181afceb89e7c659 -> 
  custom:AudioImporter_EditorPlatform: d09bf68614088b80899f8185d706f6e7 -> 
  custom:scripting/precompiled-assembly-types:Unity.VisualScripting.Core.Editor: 1ac958119c4ad755d50390246b13522a -> 39597c0f3a76e24d87d64afa59c5f88d
  custom:scripting/precompiled-assembly-types:UnityEngine.TestRunner: 7a4d96a0696e29157328c6996c3b82c5 -> f5758234275f5346968d00e3b1a1c0e4
  custom:scripting/precompiled-assembly-types:Unity.InputSystem: 425e8e3443e66c10683923ad018ca623 -> 0518021afe14c99aad7ae36ea6ea8a90
  custom:scripting/precompiled-assembly-types:Unity.2D.Animation.Editor: aacf03663bd822ad22c8cb89387a25e5 -> 9e298d922ee71fa5cbd30bb22b8f952c
  custom:video-encoder-webm-vp8: eb34c28f22e8b96e1ab97ce403110664 -> 
  custom:scripting/precompiled-assembly-types:Unity.AdaptivePerformance.Simulator.Extension: b8be562c9560bbf2165033b96fcdac20 -> 7cb4e94d652a85a2c350f7d0e4d6f3d0
  custom:audio-decoder-ogg-vorbis: bf7c407c2cedff20999df2af8eb42d56 -> 
  custom:audio-encoder-webm-vorbis: bf7c407c2cedff20999df2af8eb42d56 -> 
  custom:scripting/precompiled-assembly-types:Assembly-CSharp: 72e6895f22ecf2954427a8fcc9a6846b -> 20cdaaa988618e7c32f4baf96f88c255
========================================================================
Received Prepare
Refreshing native plugins compatible for Editor in 29.67 ms, found 4 plugins.
Preloading 0 native plugins for Editor in 0.00 ms.
Unloading 1 Unused Serialized files (Serialized files now loaded: 0)
Unloading 1 unused Assets / (3.1 KB). Loaded Objects now: 5172.
Memory consumption went from 78.7 MB to 78.7 MB.
Total: 4.963300 ms (FindLiveObjects: 0.403300 ms CreateObjectMapping: 0.400400 ms MarkObjects: 4.108000 ms  DeleteObjects: 0.050000 ms)

Prepare: number of updated asset objects reloaded= 0
AssetImportParameters requested are different than current active one (requested -> active):
  custom:container-demuxer-ogg: 62fdf1f143b41e24485cea50d1cbac27 -> 
  custom:scripting/precompiled-assembly-types:Unity.PlasticSCM.Editor: 0c8452ea749574dcb5821605c0d383b1 -> 8c2de24d8d9aa08c16713572feafbebe
  custom:video-codec-MediaFoundation-h265: 746d11721c4dcdbdad8f713fa42b33f4 -> 
  custom:video-decoder-ogg-theora: a1e56fd34408186e4bbccfd4996cb3dc -> 
  custom:scripting/precompiled-assembly-types:Unity.2D.Psdimporter.Editor: 8025cd9a6d808d7f753b8e954658b70b -> ed563be6c9b4eabe02cd35dbfcc1f959
  custom:framework-win-MediaFoundation: 216162199b28c13a410421893ffa2e32 -> 
  custom:scripting/precompiled-assembly-types:Unity.Timeline.Editor: b4313fba5652ee5a8449f3ec85f31ae4 -> 534d7c71c4dd9147ea00599cede121e1
  custom:CustomObjectIndexerAttribute: 9a22284fe3817be447336de3de66b15e -> 
  custom:scripting/monoscript/fileName/Touch_handler.cs: a2106c530f17f0e9d01cb2fe87a50595 -> 
  custom:container-demuxer-webm: 4f35f7cbe854078d1ac9338744f61a02 -> 
  custom:container-muxer-webm: aa71ff27fc2769a1b78a27578f13a17b -> 
  custom:video-decoder-webm-vp8: 9c59270c3fd7afecdb556c50c9e8de78 -> 
  custom:SearchIndexIgnoredProperties: e643bd26f0fe6173181afceb89e7c659 -> 
  custom:AudioImporter_EditorPlatform: d09bf68614088b80899f8185d706f6e7 -> 
  custom:scripting/precompiled-assembly-types:Unity.VisualScripting.Core.Editor: 1ac958119c4ad755d50390246b13522a -> 39597c0f3a76e24d87d64afa59c5f88d
  custom:scripting/precompiled-assembly-types:UnityEngine.TestRunner: 7a4d96a0696e29157328c6996c3b82c5 -> f5758234275f5346968d00e3b1a1c0e4
  custom:scripting/precompiled-assembly-types:Unity.InputSystem: 425e8e3443e66c10683923ad018ca623 -> 0518021afe14c99aad7ae36ea6ea8a90
  custom:scripting/precompiled-assembly-types:Unity.2D.Animation.Editor: aacf03663bd822ad22c8cb89387a25e5 -> 9e298d922ee71fa5cbd30bb22b8f952c
  custom:video-encoder-webm-vp8: eb34c28f22e8b96e1ab97ce403110664 -> 
  custom:scripting/precompiled-assembly-types:Unity.AdaptivePerformance.Simulator.Extension: b8be562c9560bbf2165033b96fcdac20 -> 7cb4e94d652a85a2c350f7d0e4d6f3d0
  custom:audio-decoder-ogg-vorbis: bf7c407c2cedff20999df2af8eb42d56 -> 
  custom:audio-encoder-webm-vorbis: bf7c407c2cedff20999df2af8eb42d56 -> 
  custom:scripting/precompiled-assembly-types:Assembly-CSharp: 72e6895f22ecf2954427a8fcc9a6846b -> 20cdaaa988618e7c32f4baf96f88c255
========================================================================
Received Prepare
Refreshing native plugins compatible for Editor in 28.49 ms, found 4 plugins.
Preloading 0 native plugins for Editor in 0.00 ms.
Unloading 1 Unused Serialized files (Serialized files now loaded: 0)
Unloading 1 unused Assets / (3.1 KB). Loaded Objects now: 5172.
Memory consumption went from 78.4 MB to 78.3 MB.
Total: 4.388400 ms (FindLiveObjects: 0.376800 ms CreateObjectMapping: 0.367200 ms MarkObjects: 3.615000 ms  DeleteObjects: 0.027900 ms)

Prepare: number of updated asset objects reloaded= 0
AssetImportParameters requested are different than current active one (requested -> active):
  custom:container-demuxer-ogg: 62fdf1f143b41e24485cea50d1cbac27 -> 
  custom:scripting/precompiled-assembly-types:Unity.PlasticSCM.Editor: 0c8452ea749574dcb5821605c0d383b1 -> 8c2de24d8d9aa08c16713572feafbebe
  custom:video-codec-MediaFoundation-h265: 746d11721c4dcdbdad8f713fa42b33f4 -> 
  custom:video-decoder-ogg-theora: a1e56fd34408186e4bbccfd4996cb3dc -> 
  custom:scripting/precompiled-assembly-types:Unity.2D.Psdimporter.Editor: 8025cd9a6d808d7f753b8e954658b70b -> ed563be6c9b4eabe02cd35dbfcc1f959
  custom:framework-win-MediaFoundation: 216162199b28c13a410421893ffa2e32 -> 
  custom:scripting/precompiled-assembly-types:Unity.Timeline.Editor: b4313fba5652ee5a8449f3ec85f31ae4 -> 534d7c71c4dd9147ea00599cede121e1
  custom:CustomObjectIndexerAttribute: 9a22284fe3817be447336de3de66b15e -> 
  custom:scripting/monoscript/fileName/Touch_handler.cs: a2106c530f17f0e9d01cb2fe87a50595 -> 
  custom:container-demuxer-webm: 4f35f7cbe854078d1ac9338744f61a02 -> 
  custom:container-muxer-webm: aa71ff27fc2769a1b78a27578f13a17b -> 
  custom:video-decoder-webm-vp8: 9c59270c3fd7afecdb556c50c9e8de78 -> 
  custom:SearchIndexIgnoredProperties: e643bd26f0fe6173181afceb89e7c659 -> 
  custom:AudioImporter_EditorPlatform: d09bf68614088b80899f8185d706f6e7 -> 
  custom:scripting/precompiled-assembly-types:Unity.VisualScripting.Core.Editor: 1ac958119c4ad755d50390246b13522a -> 39597c0f3a76e24d87d64afa59c5f88d
  custom:scripting/precompiled-assembly-types:UnityEngine.TestRunner: 7a4d96a0696e29157328c6996c3b82c5 -> f5758234275f5346968d00e3b1a1c0e4
  custom:scripting/precompiled-assembly-types:Unity.InputSystem: 425e8e3443e66c10683923ad018ca623 -> 0518021afe14c99aad7ae36ea6ea8a90
  custom:scripting/precompiled-assembly-types:Unity.2D.Animation.Editor: aacf03663bd822ad22c8cb89387a25e5 -> 9e298d922ee71fa5cbd30bb22b8f952c
  custom:video-encoder-webm-vp8: eb34c28f22e8b96e1ab97ce403110664 -> 
  custom:scripting/precompiled-assembly-types:Unity.AdaptivePerformance.Simulator.Extension: b8be562c9560bbf2165033b96fcdac20 -> 7cb4e94d652a85a2c350f7d0e4d6f3d0
  custom:audio-decoder-ogg-vorbis: bf7c407c2cedff20999df2af8eb42d56 -> 
  custom:audio-encoder-webm-vorbis: bf7c407c2cedff20999df2af8eb42d56 -> 
  custom:scripting/precompiled-assembly-types:Assembly-CSharp: 72e6895f22ecf2954427a8fcc9a6846b -> 20cdaaa988618e7c32f4baf96f88c255
========================================================================
Received Prepare
Refreshing native plugins compatible for Editor in 34.26 ms, found 4 plugins.
Preloading 0 native plugins for Editor in 0.00 ms.
Unloading 1 Unused Serialized files (Serialized files now loaded: 0)
Unloading 1 unused Assets / (3.1 KB). Loaded Objects now: 5172.
Memory consumption went from 78.4 MB to 78.3 MB.
Total: 6.761800 ms (FindLiveObjects: 0.536000 ms CreateObjectMapping: 0.521300 ms MarkObjects: 5.662200 ms  DeleteObjects: 0.041100 ms)

Prepare: number of updated asset objects reloaded= 0
AssetImportParameters requested are different than current active one (requested -> active):
  custom:container-demuxer-ogg: 62fdf1f143b41e24485cea50d1cbac27 -> 
  custom:scripting/precompiled-assembly-types:Unity.PlasticSCM.Editor: 0c8452ea749574dcb5821605c0d383b1 -> 8c2de24d8d9aa08c16713572feafbebe
  custom:video-codec-MediaFoundation-h265: 746d11721c4dcdbdad8f713fa42b33f4 -> 
  custom:video-decoder-ogg-theora: a1e56fd34408186e4bbccfd4996cb3dc -> 
  custom:scripting/precompiled-assembly-types:Unity.2D.Psdimporter.Editor: 8025cd9a6d808d7f753b8e954658b70b -> ed563be6c9b4eabe02cd35dbfcc1f959
  custom:framework-win-MediaFoundation: 216162199b28c13a410421893ffa2e32 -> 
  custom:scripting/precompiled-assembly-types:Unity.Timeline.Editor: b4313fba5652ee5a8449f3ec85f31ae4 -> 534d7c71c4dd9147ea00599cede121e1
  custom:CustomObjectIndexerAttribute: 9a22284fe3817be447336de3de66b15e -> 
  custom:scripting/monoscript/fileName/Touch_handler.cs: a2106c530f17f0e9d01cb2fe87a50595 -> 
  custom:container-demuxer-webm: 4f35f7cbe854078d1ac9338744f61a02 -> 
  custom:container-muxer-webm: aa71ff27fc2769a1b78a27578f13a17b -> 
  custom:video-decoder-webm-vp8: 9c59270c3fd7afecdb556c50c9e8de78 -> 
  custom:SearchIndexIgnoredProperties: e643bd26f0fe6173181afceb89e7c659 -> 
  custom:AudioImporter_EditorPlatform: d09bf68614088b80899f8185d706f6e7 -> 
  custom:scripting/precompiled-assembly-types:Unity.VisualScripting.Core.Editor: 1ac958119c4ad755d50390246b13522a -> 39597c0f3a76e24d87d64afa59c5f88d
  custom:scripting/precompiled-assembly-types:UnityEngine.TestRunner: 7a4d96a0696e29157328c6996c3b82c5 -> f5758234275f5346968d00e3b1a1c0e4
  custom:scripting/precompiled-assembly-types:Unity.InputSystem: 425e8e3443e66c10683923ad018ca623 -> 0518021afe14c99aad7ae36ea6ea8a90
  custom:scripting/precompiled-assembly-types:Unity.2D.Animation.Editor: aacf03663bd822ad22c8cb89387a25e5 -> 9e298d922ee71fa5cbd30bb22b8f952c
  custom:video-encoder-webm-vp8: eb34c28f22e8b96e1ab97ce403110664 -> 
  custom:scripting/precompiled-assembly-types:Unity.AdaptivePerformance.Simulator.Extension: b8be562c9560bbf2165033b96fcdac20 -> 7cb4e94d652a85a2c350f7d0e4d6f3d0
  custom:audio-decoder-ogg-vorbis: bf7c407c2cedff20999df2af8eb42d56 -> 
  custom:audio-encoder-webm-vorbis: bf7c407c2cedff20999df2af8eb42d56 -> 
  custom:scripting/precompiled-assembly-types:Assembly-CSharp: 72e6895f22ecf2954427a8fcc9a6846b -> 20cdaaa988618e7c32f4baf96f88c255
